#
# There is insufficient memory for the Java Runtime Environment to continue.
# Native memory allocation (mmap) failed to map 65536 bytes for Failed to commit metaspace.
# Possible reasons:
#   The system is out of physical RAM or swap space
#   The process is running with CompressedOops enabled, and the Java Heap may be blocking the growth of the native heap
# Possible solutions:
#   Reduce memory load on the system
#   Increase physical memory or swap space
#   Check if swap backing store is full
#   Decrease Java heap size (-Xmx/-Xms)
#   Decrease number of Java threads
#   Decrease Java thread stack sizes (-Xss)
#   Set larger code cache with -XX:ReservedCodeCacheSize=
#   JVM is running with Unscaled Compressed Oops mode in which the Java heap is
#     placed in the first 4GB address space. The Java Heap base address is the
#     maximum limit for the native heap growth. Please use -XX:HeapBaseMinAddress
#     to set the Java Heap base and to place the Java Heap above 4GB virtual address.
# This output file may be truncated or incomplete.
#
#  Out of Memory Error (virtualSpaceNode.cpp:108), pid=49864, tid=50208
#
# JRE version: Java(TM) SE Runtime Environment (16.0.2+7) (build 16.0.2+7-67)
# Java VM: Java HotSpot(TM) 64-Bit Server VM (16.0.2+7-67, mixed mode, sharing, tiered, compressed oops, compressed class ptrs, g1 gc, windows-amd64)
# No core dump will be written. Minidumps are not enabled by default on client versions of Windows
#

---------------  S U M M A R Y ------------

Command Line: -Dfile.encoding=Cp1252 -XX:+ShowCodeDetailsInExceptionMessages quiz.application.Signin

Host: 11th Gen Intel(R) Core(TM) i5-1135G7 @ 2.40GHz, 8 cores, 7G,  Windows 10 , 64 bit Build 22621 (10.0.22621.1928)
Time: Wed Jul  5 16:46:28 2023 India Standard Time elapsed time: 0.168410 seconds (0d 0h 0m 0s)

---------------  T H R E A D  ---------------

Current thread (0x000001ef30c0dd80):  JavaThread "main" [_thread_in_vm, id=50208, stack(0x00000006cf000000,0x00000006cf100000)]

Stack: [0x00000006cf000000,0x00000006cf100000]
Native frames: (J=compiled Java code, j=interpreted, Vv=VM code, C=native code)
V  [jvm.dll+0x6681ca]
V  [jvm.dll+0x7c9e69]
V  [jvm.dll+0x7cb61e]
V  [jvm.dll+0x7cbc73]
V  [jvm.dll+0x242c55]
V  [jvm.dll+0x7c64eb]
V  [jvm.dll+0x60ddd6]
V  [jvm.dll+0x60de3a]
V  [jvm.dll+0x61046a]
V  [jvm.dll+0x60e6d1]
V  [jvm.dll+0x23709f]
V  [jvm.dll+0x618d55]
V  [jvm.dll+0x1e97ef]
V  [jvm.dll+0x1e9d25]
V  [jvm.dll+0x1ea8af]
V  [jvm.dll+0x1df631]
V  [jvm.dll+0x535ff8]
V  [jvm.dll+0x1f0d52]
V  [jvm.dll+0x741863]
V  [jvm.dll+0x743108]
V  [jvm.dll+0x743433]
V  [jvm.dll+0x23ab24]
V  [jvm.dll+0x375531]
C  0x000001ef3837c3fb

Java frames: (J=compiled Java code, j=interpreted, Vv=VM code)
j  jdk.internal.util.jar.JarIndex.read(Ljava/io/InputStream;)V+24 java.base@16.0.2
j  jdk.internal.util.jar.JarIndex.<init>(Ljava/io/InputStream;)V+6 java.base@16.0.2
j  jdk.internal.util.jar.JarIndex.getJarIndex(Ljava/util/jar/JarFile;)Ljdk/internal/util/jar/JarIndex;+22 java.base@16.0.2
j  jdk.internal.loader.URLClassPath$JarLoader$1.run()Ljava/lang/Void;+72 java.base@16.0.2
j  jdk.internal.loader.URLClassPath$JarLoader$1.run()Ljava/lang/Object;+1 java.base@16.0.2
j  java.security.AccessController.executePrivileged(Ljava/security/PrivilegedExceptionAction;Ljava/security/AccessControlContext;Ljava/lang/Class;)Ljava/lang/Object;+29 java.base@16.0.2
j  java.security.AccessController.doPrivileged(Ljava/security/PrivilegedExceptionAction;Ljava/security/AccessControlContext;)Ljava/lang/Object;+13 java.base@16.0.2
j  jdk.internal.loader.URLClassPath$JarLoader.ensureOpen()V+19 java.base@16.0.2
j  jdk.internal.loader.URLClassPath$JarLoader.<init>(Ljava/net/URL;Ljava/net/URLStreamHandler;Ljava/util/HashMap;Ljava/security/AccessControlContext;)V+63 java.base@16.0.2
j  jdk.internal.loader.URLClassPath$3.run()Ljdk/internal/loader/URLClassPath$Loader;+168 java.base@16.0.2
j  jdk.internal.loader.URLClassPath$3.run()Ljava/lang/Object;+1 java.base@16.0.2
j  java.security.AccessController.executePrivileged(Ljava/security/PrivilegedExceptionAction;Ljava/security/AccessControlContext;Ljava/lang/Class;)Ljava/lang/Object;+29 java.base@16.0.2
j  java.security.AccessController.doPrivileged(Ljava/security/PrivilegedExceptionAction;Ljava/security/AccessControlContext;)Ljava/lang/Object;+13 java.base@16.0.2
j  jdk.internal.loader.URLClassPath.getLoader(Ljava/net/URL;)Ljdk/internal/loader/URLClassPath$Loader;+13 java.base@16.0.2
j  jdk.internal.loader.URLClassPath.getLoader(I)Ljdk/internal/loader/URLClassPath$Loader;+81 java.base@16.0.2
j  jdk.internal.loader.URLClassPath$1.next()Z+24 java.base@16.0.2
j  jdk.internal.loader.URLClassPath$1.hasMoreElements()Z+1 java.base@16.0.2
j  jdk.internal.loader.BuiltinClassLoader$1.hasNext()Z+43 java.base@16.0.2
j  jdk.internal.loader.BuiltinClassLoader$1.hasMoreElements()Z+1 java.base@16.0.2
j  java.lang.CompoundEnumeration.next()Z+33 java.base@16.0.2
j  java.lang.CompoundEnumeration.hasMoreElements()Z+1 java.base@16.0.2
j  java.util.ServiceLoader$LazyClassPathLookupIterator.nextProviderClass()Ljava/lang/Class;+152 java.base@16.0.2
j  java.util.ServiceLoader$LazyClassPathLookupIterator.hasNextService()Z+15 java.base@16.0.2
j  java.util.ServiceLoader$LazyClassPathLookupIterator.hasNext()Z+11 java.base@16.0.2
j  java.util.ServiceLoader$2.hasNext()Z+16 java.base@16.0.2
j  java.util.ServiceLoader$3.hasNext()Z+32 java.base@16.0.2
j  jdk.internal.logger.BootstrapLogger$DetectBackend$1.run()Ljdk/internal/logger/BootstrapLogger$LoggingBackend;+13 java.base@16.0.2
j  jdk.internal.logger.BootstrapLogger$DetectBackend$1.run()Ljava/lang/Object;+1 java.base@16.0.2
j  java.security.AccessController.executePrivileged(Ljava/security/PrivilegedAction;Ljava/security/AccessControlContext;Ljava/lang/Class;)Ljava/lang/Object;+29 java.base@16.0.2
j  java.security.AccessController.doPrivileged(Ljava/security/PrivilegedAction;)Ljava/lang/Object;+5 java.base@16.0.2
j  jdk.internal.logger.BootstrapLogger$DetectBackend.<clinit>()V+7 java.base@16.0.2
v  ~StubRoutines::call_stub
j  jdk.internal.logger.BootstrapLogger.useLazyLoggers()Z+6 java.base@16.0.2
j  jdk.internal.logger.LazyLoggers.getLazyLogger(Ljava/lang/String;Ljava/lang/Module;)Ljava/lang/System$Logger;+0 java.base@16.0.2
j  sun.util.logging.PlatformLogger.getLogger(Ljava/lang/String;)Lsun/util/logging/PlatformLogger;+41 java.base@16.0.2
j  java.awt.Component.<clinit>()V+19 java.desktop@16.0.2
v  ~StubRoutines::call_stub

---------------  P R O C E S S  ---------------

Threads class SMR info:
_java_thread_list=0x000001ef4f4f59d0, length=12, elements={
0x000001ef30c0dd80, 0x000001ef4ea546c0, 0x000001ef4ea550c0, 0x000001ef4ea67680,
0x000001ef4ea68080, 0x000001ef4ea68a80, 0x000001ef4ea69480, 0x000001ef4ea6a260,
0x000001ef4ea75eb0, 0x000001ef4ea77420, 0x000001ef4f51de20, 0x000001ef4f51f640
}

Java Threads: ( => current thread )
=>0x000001ef30c0dd80 JavaThread "main" [_thread_in_vm, id=50208, stack(0x00000006cf000000,0x00000006cf100000)]
  0x000001ef4ea546c0 JavaThread "Reference Handler" daemon [_thread_blocked, id=47416, stack(0x00000006cf700000,0x00000006cf800000)]
  0x000001ef4ea550c0 JavaThread "Finalizer" daemon [_thread_blocked, id=37260, stack(0x00000006cf800000,0x00000006cf900000)]
  0x000001ef4ea67680 JavaThread "Signal Dispatcher" daemon [_thread_blocked, id=39168, stack(0x00000006cf900000,0x00000006cfa00000)]
  0x000001ef4ea68080 JavaThread "Attach Listener" daemon [_thread_blocked, id=49156, stack(0x00000006cfa00000,0x00000006cfb00000)]
  0x000001ef4ea68a80 JavaThread "Service Thread" daemon [_thread_blocked, id=236, stack(0x00000006cfb00000,0x00000006cfc00000)]
  0x000001ef4ea69480 JavaThread "Monitor Deflation Thread" daemon [_thread_blocked, id=50788, stack(0x00000006cfc00000,0x00000006cfd00000)]
  0x000001ef4ea6a260 JavaThread "C2 CompilerThread0" daemon [_thread_blocked, id=49920, stack(0x00000006cfd00000,0x00000006cfe00000)]
  0x000001ef4ea75eb0 JavaThread "C1 CompilerThread0" daemon [_thread_blocked, id=49912, stack(0x00000006cfe00000,0x00000006cff00000)]
  0x000001ef4ea77420 JavaThread "Sweeper thread" daemon [_thread_blocked, id=50196, stack(0x00000006cff00000,0x00000006d0000000)]
  0x000001ef4f51de20 JavaThread "Notification Thread" daemon [_thread_blocked, id=51132, stack(0x00000006d0000000,0x00000006d0100000)]
  0x000001ef4f51f640 JavaThread "Common-Cleaner" daemon [_thread_blocked, id=49376, stack(0x00000006d0200000,0x00000006d0300000)]

Other Threads:
  0x000001ef4ea4bca0 VMThread "VM Thread" [stack: 0x00000006cf600000,0x00000006cf700000] [id=50128]
  0x000001ef4f51f350 WatcherThread [stack: 0x00000006d0100000,0x00000006d0200000] [id=50920]
  0x000001ef30c4bfb0 GCTaskThread "GC Thread#0" [stack: 0x00000006cf100000,0x00000006cf200000] [id=49880]
  0x000001ef30c5d780 ConcurrentGCThread "G1 Main Marker" [stack: 0x00000006cf200000,0x00000006cf300000] [id=48816]
  0x000001ef30c5eaf0 ConcurrentGCThread "G1 Conc#0" [stack: 0x00000006cf300000,0x00000006cf400000] [id=51004]
  0x000001ef4e8ebd80 ConcurrentGCThread "G1 Refine#0" [stack: 0x00000006cf400000,0x00000006cf500000] [id=50168]
  0x000001ef4e8ec4b0 ConcurrentGCThread "G1 Service" [stack: 0x00000006cf500000,0x00000006cf600000] [id=49236]

Threads with active compile tasks:

VM state: not at safepoint (normal execution)

VM Mutex/Monitor currently owned by a thread:  ([mutex/lock_event])
[0x000001ef30c09d80] MetaspaceExpand_lock - owner thread: 0x000001ef30c0dd80

Heap address: 0x0000000084400000, size: 1980 MB, Compressed Oops mode: 32-bit

CDS archive(s) mapped at: [0x0000000800000000-0x0000000800bb0000-0x0000000800bb0000), size 12255232, SharedBaseAddress: 0x0000000800000000, ArchiveRelocationMode: 0.
Compressed class space mapped at: 0x0000000800c00000-0x0000000840c00000, reserved size: 1073741824
Narrow klass base: 0x0000000800000000, Narrow klass shift: 3, Narrow klass range: 0x100000000

GC Precious Log:
 CPUs: 8 total, 8 available
 Memory: 7918M
 Large Page Support: Disabled
 NUMA Support: Disabled
 Compressed Oops: Enabled (32-bit)
 Heap Region Size: 1M
 Heap Min Capacity: 8M
 Heap Initial Capacity: 124M
 Heap Max Capacity: 1980M
 Pre-touch: Disabled
 Parallel Workers: 8
 Concurrent Workers: 2
 Concurrent Refinement Workers: 8
 Periodic GC: Disabled

Heap:
 garbage-first heap   total 126976K, used 2048K [0x0000000084400000, 0x0000000100000000)
  region size 1024K, 3 young (3072K), 0 survivors (0K)
 Metaspace       used 981K, committed 1152K, reserved 1056768K
  class space    used 78K, committed 192K, reserved 1048576K

Heap Regions: E=young(eden), S=young(survivor), O=old, HS=humongous(starts), HC=humongous(continues), CS=collection set, F=free, OA=open archive, CA=closed archive, TAMS=top-at-mark-start (previous, next)
|   0|0x0000000084400000, 0x0000000084400000, 0x0000000084500000|  0%| F|  |TAMS 0x0000000084400000, 0x0000000084400000| Untracked 
|   1|0x0000000084500000, 0x0000000084500000, 0x0000000084600000|  0%| F|  |TAMS 0x0000000084500000, 0x0000000084500000| Untracked 
|   2|0x0000000084600000, 0x0000000084600000, 0x0000000084700000|  0%| F|  |TAMS 0x0000000084600000, 0x0000000084600000| Untracked 
|   3|0x0000000084700000, 0x0000000084700000, 0x0000000084800000|  0%| F|  |TAMS 0x0000000084700000, 0x0000000084700000| Untracked 
|   4|0x0000000084800000, 0x0000000084800000, 0x0000000084900000|  0%| F|  |TAMS 0x0000000084800000, 0x0000000084800000| Untracked 
|   5|0x0000000084900000, 0x0000000084900000, 0x0000000084a00000|  0%| F|  |TAMS 0x0000000084900000, 0x0000000084900000| Untracked 
|   6|0x0000000084a00000, 0x0000000084a00000, 0x0000000084b00000|  0%| F|  |TAMS 0x0000000084a00000, 0x0000000084a00000| Untracked 
|   7|0x0000000084b00000, 0x0000000084b00000, 0x0000000084c00000|  0%| F|  |TAMS 0x0000000084b00000, 0x0000000084b00000| Untracked 
|   8|0x0000000084c00000, 0x0000000084c00000, 0x0000000084d00000|  0%| F|  |TAMS 0x0000000084c00000, 0x0000000084c00000| Untracked 
|   9|0x0000000084d00000, 0x0000000084d00000, 0x0000000084e00000|  0%| F|  |TAMS 0x0000000084d00000, 0x0000000084d00000| Untracked 
|  10|0x0000000084e00000, 0x0000000084e00000, 0x0000000084f00000|  0%| F|  |TAMS 0x0000000084e00000, 0x0000000084e00000| Untracked 
|  11|0x0000000084f00000, 0x0000000084f00000, 0x0000000085000000|  0%| F|  |TAMS 0x0000000084f00000, 0x0000000084f00000| Untracked 
|  12|0x0000000085000000, 0x0000000085000000, 0x0000000085100000|  0%| F|  |TAMS 0x0000000085000000, 0x0000000085000000| Untracked 
|  13|0x0000000085100000, 0x0000000085100000, 0x0000000085200000|  0%| F|  |TAMS 0x0000000085100000, 0x0000000085100000| Untracked 
|  14|0x0000000085200000, 0x0000000085200000, 0x0000000085300000|  0%| F|  |TAMS 0x0000000085200000, 0x0000000085200000| Untracked 
|  15|0x0000000085300000, 0x0000000085300000, 0x0000000085400000|  0%| F|  |TAMS 0x0000000085300000, 0x0000000085300000| Untracked 
|  16|0x0000000085400000, 0x0000000085400000, 0x0000000085500000|  0%| F|  |TAMS 0x0000000085400000, 0x0000000085400000| Untracked 
|  17|0x0000000085500000, 0x0000000085500000, 0x0000000085600000|  0%| F|  |TAMS 0x0000000085500000, 0x0000000085500000| Untracked 
|  18|0x0000000085600000, 0x0000000085600000, 0x0000000085700000|  0%| F|  |TAMS 0x0000000085600000, 0x0000000085600000| Untracked 
|  19|0x0000000085700000, 0x0000000085700000, 0x0000000085800000|  0%| F|  |TAMS 0x0000000085700000, 0x0000000085700000| Untracked 
|  20|0x0000000085800000, 0x0000000085800000, 0x0000000085900000|  0%| F|  |TAMS 0x0000000085800000, 0x0000000085800000| Untracked 
|  21|0x0000000085900000, 0x0000000085900000, 0x0000000085a00000|  0%| F|  |TAMS 0x0000000085900000, 0x0000000085900000| Untracked 
|  22|0x0000000085a00000, 0x0000000085a00000, 0x0000000085b00000|  0%| F|  |TAMS 0x0000000085a00000, 0x0000000085a00000| Untracked 
|  23|0x0000000085b00000, 0x0000000085b00000, 0x0000000085c00000|  0%| F|  |TAMS 0x0000000085b00000, 0x0000000085b00000| Untracked 
|  24|0x0000000085c00000, 0x0000000085c00000, 0x0000000085d00000|  0%| F|  |TAMS 0x0000000085c00000, 0x0000000085c00000| Untracked 
|  25|0x0000000085d00000, 0x0000000085d00000, 0x0000000085e00000|  0%| F|  |TAMS 0x0000000085d00000, 0x0000000085d00000| Untracked 
|  26|0x0000000085e00000, 0x0000000085e00000, 0x0000000085f00000|  0%| F|  |TAMS 0x0000000085e00000, 0x0000000085e00000| Untracked 
|  27|0x0000000085f00000, 0x0000000085f00000, 0x0000000086000000|  0%| F|  |TAMS 0x0000000085f00000, 0x0000000085f00000| Untracked 
|  28|0x0000000086000000, 0x0000000086000000, 0x0000000086100000|  0%| F|  |TAMS 0x0000000086000000, 0x0000000086000000| Untracked 
|  29|0x0000000086100000, 0x0000000086100000, 0x0000000086200000|  0%| F|  |TAMS 0x0000000086100000, 0x0000000086100000| Untracked 
|  30|0x0000000086200000, 0x0000000086200000, 0x0000000086300000|  0%| F|  |TAMS 0x0000000086200000, 0x0000000086200000| Untracked 
|  31|0x0000000086300000, 0x0000000086300000, 0x0000000086400000|  0%| F|  |TAMS 0x0000000086300000, 0x0000000086300000| Untracked 
|  32|0x0000000086400000, 0x0000000086400000, 0x0000000086500000|  0%| F|  |TAMS 0x0000000086400000, 0x0000000086400000| Untracked 
|  33|0x0000000086500000, 0x0000000086500000, 0x0000000086600000|  0%| F|  |TAMS 0x0000000086500000, 0x0000000086500000| Untracked 
|  34|0x0000000086600000, 0x0000000086600000, 0x0000000086700000|  0%| F|  |TAMS 0x0000000086600000, 0x0000000086600000| Untracked 
|  35|0x0000000086700000, 0x0000000086700000, 0x0000000086800000|  0%| F|  |TAMS 0x0000000086700000, 0x0000000086700000| Untracked 
|  36|0x0000000086800000, 0x0000000086800000, 0x0000000086900000|  0%| F|  |TAMS 0x0000000086800000, 0x0000000086800000| Untracked 
|  37|0x0000000086900000, 0x0000000086900000, 0x0000000086a00000|  0%| F|  |TAMS 0x0000000086900000, 0x0000000086900000| Untracked 
|  38|0x0000000086a00000, 0x0000000086a00000, 0x0000000086b00000|  0%| F|  |TAMS 0x0000000086a00000, 0x0000000086a00000| Untracked 
|  39|0x0000000086b00000, 0x0000000086b00000, 0x0000000086c00000|  0%| F|  |TAMS 0x0000000086b00000, 0x0000000086b00000| Untracked 
|  40|0x0000000086c00000, 0x0000000086c00000, 0x0000000086d00000|  0%| F|  |TAMS 0x0000000086c00000, 0x0000000086c00000| Untracked 
|  41|0x0000000086d00000, 0x0000000086d00000, 0x0000000086e00000|  0%| F|  |TAMS 0x0000000086d00000, 0x0000000086d00000| Untracked 
|  42|0x0000000086e00000, 0x0000000086e00000, 0x0000000086f00000|  0%| F|  |TAMS 0x0000000086e00000, 0x0000000086e00000| Untracked 
|  43|0x0000000086f00000, 0x0000000086f00000, 0x0000000087000000|  0%| F|  |TAMS 0x0000000086f00000, 0x0000000086f00000| Untracked 
|  44|0x0000000087000000, 0x0000000087000000, 0x0000000087100000|  0%| F|  |TAMS 0x0000000087000000, 0x0000000087000000| Untracked 
|  45|0x0000000087100000, 0x0000000087100000, 0x0000000087200000|  0%| F|  |TAMS 0x0000000087100000, 0x0000000087100000| Untracked 
|  46|0x0000000087200000, 0x0000000087200000, 0x0000000087300000|  0%| F|  |TAMS 0x0000000087200000, 0x0000000087200000| Untracked 
|  47|0x0000000087300000, 0x0000000087300000, 0x0000000087400000|  0%| F|  |TAMS 0x0000000087300000, 0x0000000087300000| Untracked 
|  48|0x0000000087400000, 0x0000000087400000, 0x0000000087500000|  0%| F|  |TAMS 0x0000000087400000, 0x0000000087400000| Untracked 
|  49|0x0000000087500000, 0x0000000087500000, 0x0000000087600000|  0%| F|  |TAMS 0x0000000087500000, 0x0000000087500000| Untracked 
|  50|0x0000000087600000, 0x0000000087600000, 0x0000000087700000|  0%| F|  |TAMS 0x0000000087600000, 0x0000000087600000| Untracked 
|  51|0x0000000087700000, 0x0000000087700000, 0x0000000087800000|  0%| F|  |TAMS 0x0000000087700000, 0x0000000087700000| Untracked 
|  52|0x0000000087800000, 0x0000000087800000, 0x0000000087900000|  0%| F|  |TAMS 0x0000000087800000, 0x0000000087800000| Untracked 
|  53|0x0000000087900000, 0x0000000087900000, 0x0000000087a00000|  0%| F|  |TAMS 0x0000000087900000, 0x0000000087900000| Untracked 
|  54|0x0000000087a00000, 0x0000000087a00000, 0x0000000087b00000|  0%| F|  |TAMS 0x0000000087a00000, 0x0000000087a00000| Untracked 
|  55|0x0000000087b00000, 0x0000000087b00000, 0x0000000087c00000|  0%| F|  |TAMS 0x0000000087b00000, 0x0000000087b00000| Untracked 
|  56|0x0000000087c00000, 0x0000000087c00000, 0x0000000087d00000|  0%| F|  |TAMS 0x0000000087c00000, 0x0000000087c00000| Untracked 
|  57|0x0000000087d00000, 0x0000000087d00000, 0x0000000087e00000|  0%| F|  |TAMS 0x0000000087d00000, 0x0000000087d00000| Untracked 
|  58|0x0000000087e00000, 0x0000000087e00000, 0x0000000087f00000|  0%| F|  |TAMS 0x0000000087e00000, 0x0000000087e00000| Untracked 
|  59|0x0000000087f00000, 0x0000000087f00000, 0x0000000088000000|  0%| F|  |TAMS 0x0000000087f00000, 0x0000000087f00000| Untracked 
|  60|0x0000000088000000, 0x0000000088000000, 0x0000000088100000|  0%| F|  |TAMS 0x0000000088000000, 0x0000000088000000| Untracked 
|  61|0x0000000088100000, 0x0000000088100000, 0x0000000088200000|  0%| F|  |TAMS 0x0000000088100000, 0x0000000088100000| Untracked 
|  62|0x0000000088200000, 0x0000000088200000, 0x0000000088300000|  0%| F|  |TAMS 0x0000000088200000, 0x0000000088200000| Untracked 
|  63|0x0000000088300000, 0x0000000088300000, 0x0000000088400000|  0%| F|  |TAMS 0x0000000088300000, 0x0000000088300000| Untracked 
|  64|0x0000000088400000, 0x0000000088400000, 0x0000000088500000|  0%| F|  |TAMS 0x0000000088400000, 0x0000000088400000| Untracked 
|  65|0x0000000088500000, 0x0000000088500000, 0x0000000088600000|  0%| F|  |TAMS 0x0000000088500000, 0x0000000088500000| Untracked 
|  66|0x0000000088600000, 0x0000000088600000, 0x0000000088700000|  0%| F|  |TAMS 0x0000000088600000, 0x0000000088600000| Untracked 
|  67|0x0000000088700000, 0x0000000088700000, 0x0000000088800000|  0%| F|  |TAMS 0x0000000088700000, 0x0000000088700000| Untracked 
|  68|0x0000000088800000, 0x0000000088800000, 0x0000000088900000|  0%| F|  |TAMS 0x0000000088800000, 0x0000000088800000| Untracked 
|  69|0x0000000088900000, 0x0000000088900000, 0x0000000088a00000|  0%| F|  |TAMS 0x0000000088900000, 0x0000000088900000| Untracked 
|  70|0x0000000088a00000, 0x0000000088a00000, 0x0000000088b00000|  0%| F|  |TAMS 0x0000000088a00000, 0x0000000088a00000| Untracked 
|  71|0x0000000088b00000, 0x0000000088b00000, 0x0000000088c00000|  0%| F|  |TAMS 0x0000000088b00000, 0x0000000088b00000| Untracked 
|  72|0x0000000088c00000, 0x0000000088c00000, 0x0000000088d00000|  0%| F|  |TAMS 0x0000000088c00000, 0x0000000088c00000| Untracked 
|  73|0x0000000088d00000, 0x0000000088d00000, 0x0000000088e00000|  0%| F|  |TAMS 0x0000000088d00000, 0x0000000088d00000| Untracked 
|  74|0x0000000088e00000, 0x0000000088e00000, 0x0000000088f00000|  0%| F|  |TAMS 0x0000000088e00000, 0x0000000088e00000| Untracked 
|  75|0x0000000088f00000, 0x0000000088f00000, 0x0000000089000000|  0%| F|  |TAMS 0x0000000088f00000, 0x0000000088f00000| Untracked 
|  76|0x0000000089000000, 0x0000000089000000, 0x0000000089100000|  0%| F|  |TAMS 0x0000000089000000, 0x0000000089000000| Untracked 
|  77|0x0000000089100000, 0x0000000089100000, 0x0000000089200000|  0%| F|  |TAMS 0x0000000089100000, 0x0000000089100000| Untracked 
|  78|0x0000000089200000, 0x0000000089200000, 0x0000000089300000|  0%| F|  |TAMS 0x0000000089200000, 0x0000000089200000| Untracked 
|  79|0x0000000089300000, 0x0000000089300000, 0x0000000089400000|  0%| F|  |TAMS 0x0000000089300000, 0x0000000089300000| Untracked 
|  80|0x0000000089400000, 0x0000000089400000, 0x0000000089500000|  0%| F|  |TAMS 0x0000000089400000, 0x0000000089400000| Untracked 
|  81|0x0000000089500000, 0x0000000089500000, 0x0000000089600000|  0%| F|  |TAMS 0x0000000089500000, 0x0000000089500000| Untracked 
|  82|0x0000000089600000, 0x0000000089600000, 0x0000000089700000|  0%| F|  |TAMS 0x0000000089600000, 0x0000000089600000| Untracked 
|  83|0x0000000089700000, 0x0000000089700000, 0x0000000089800000|  0%| F|  |TAMS 0x0000000089700000, 0x0000000089700000| Untracked 
|  84|0x0000000089800000, 0x0000000089800000, 0x0000000089900000|  0%| F|  |TAMS 0x0000000089800000, 0x0000000089800000| Untracked 
|  85|0x0000000089900000, 0x0000000089900000, 0x0000000089a00000|  0%| F|  |TAMS 0x0000000089900000, 0x0000000089900000| Untracked 
|  86|0x0000000089a00000, 0x0000000089a00000, 0x0000000089b00000|  0%| F|  |TAMS 0x0000000089a00000, 0x0000000089a00000| Untracked 
|  87|0x0000000089b00000, 0x0000000089b00000, 0x0000000089c00000|  0%| F|  |TAMS 0x0000000089b00000, 0x0000000089b00000| Untracked 
|  88|0x0000000089c00000, 0x0000000089c00000, 0x0000000089d00000|  0%| F|  |TAMS 0x0000000089c00000, 0x0000000089c00000| Untracked 
|  89|0x0000000089d00000, 0x0000000089d00000, 0x0000000089e00000|  0%| F|  |TAMS 0x0000000089d00000, 0x0000000089d00000| Untracked 
|  90|0x0000000089e00000, 0x0000000089e00000, 0x0000000089f00000|  0%| F|  |TAMS 0x0000000089e00000, 0x0000000089e00000| Untracked 
|  91|0x0000000089f00000, 0x0000000089f00000, 0x000000008a000000|  0%| F|  |TAMS 0x0000000089f00000, 0x0000000089f00000| Untracked 
|  92|0x000000008a000000, 0x000000008a000000, 0x000000008a100000|  0%| F|  |TAMS 0x000000008a000000, 0x000000008a000000| Untracked 
|  93|0x000000008a100000, 0x000000008a100000, 0x000000008a200000|  0%| F|  |TAMS 0x000000008a100000, 0x000000008a100000| Untracked 
|  94|0x000000008a200000, 0x000000008a200000, 0x000000008a300000|  0%| F|  |TAMS 0x000000008a200000, 0x000000008a200000| Untracked 
|  95|0x000000008a300000, 0x000000008a300000, 0x000000008a400000|  0%| F|  |TAMS 0x000000008a300000, 0x000000008a300000| Untracked 
|  96|0x000000008a400000, 0x000000008a400000, 0x000000008a500000|  0%| F|  |TAMS 0x000000008a400000, 0x000000008a400000| Untracked 
|  97|0x000000008a500000, 0x000000008a500000, 0x000000008a600000|  0%| F|  |TAMS 0x000000008a500000, 0x000000008a500000| Untracked 
|  98|0x000000008a600000, 0x000000008a600000, 0x000000008a700000|  0%| F|  |TAMS 0x000000008a600000, 0x000000008a600000| Untracked 
|  99|0x000000008a700000, 0x000000008a700000, 0x000000008a800000|  0%| F|  |TAMS 0x000000008a700000, 0x000000008a700000| Untracked 
| 100|0x000000008a800000, 0x000000008a800000, 0x000000008a900000|  0%| F|  |TAMS 0x000000008a800000, 0x000000008a800000| Untracked 
| 101|0x000000008a900000, 0x000000008a900000, 0x000000008aa00000|  0%| F|  |TAMS 0x000000008a900000, 0x000000008a900000| Untracked 
| 102|0x000000008aa00000, 0x000000008aa00000, 0x000000008ab00000|  0%| F|  |TAMS 0x000000008aa00000, 0x000000008aa00000| Untracked 
| 103|0x000000008ab00000, 0x000000008ab00000, 0x000000008ac00000|  0%| F|  |TAMS 0x000000008ab00000, 0x000000008ab00000| Untracked 
| 104|0x000000008ac00000, 0x000000008ac00000, 0x000000008ad00000|  0%| F|  |TAMS 0x000000008ac00000, 0x000000008ac00000| Untracked 
| 105|0x000000008ad00000, 0x000000008ad00000, 0x000000008ae00000|  0%| F|  |TAMS 0x000000008ad00000, 0x000000008ad00000| Untracked 
| 106|0x000000008ae00000, 0x000000008ae00000, 0x000000008af00000|  0%| F|  |TAMS 0x000000008ae00000, 0x000000008ae00000| Untracked 
| 107|0x000000008af00000, 0x000000008af00000, 0x000000008b000000|  0%| F|  |TAMS 0x000000008af00000, 0x000000008af00000| Untracked 
| 108|0x000000008b000000, 0x000000008b000000, 0x000000008b100000|  0%| F|  |TAMS 0x000000008b000000, 0x000000008b000000| Untracked 
| 109|0x000000008b100000, 0x000000008b100000, 0x000000008b200000|  0%| F|  |TAMS 0x000000008b100000, 0x000000008b100000| Untracked 
| 110|0x000000008b200000, 0x000000008b200000, 0x000000008b300000|  0%| F|  |TAMS 0x000000008b200000, 0x000000008b200000| Untracked 
| 111|0x000000008b300000, 0x000000008b300000, 0x000000008b400000|  0%| F|  |TAMS 0x000000008b300000, 0x000000008b300000| Untracked 
| 112|0x000000008b400000, 0x000000008b400000, 0x000000008b500000|  0%| F|  |TAMS 0x000000008b400000, 0x000000008b400000| Untracked 
| 113|0x000000008b500000, 0x000000008b500000, 0x000000008b600000|  0%| F|  |TAMS 0x000000008b500000, 0x000000008b500000| Untracked 
| 114|0x000000008b600000, 0x000000008b600000, 0x000000008b700000|  0%| F|  |TAMS 0x000000008b600000, 0x000000008b600000| Untracked 
| 115|0x000000008b700000, 0x000000008b700000, 0x000000008b800000|  0%| F|  |TAMS 0x000000008b700000, 0x000000008b700000| Untracked 
| 116|0x000000008b800000, 0x000000008b800000, 0x000000008b900000|  0%| F|  |TAMS 0x000000008b800000, 0x000000008b800000| Untracked 
| 117|0x000000008b900000, 0x000000008b900000, 0x000000008ba00000|  0%| F|  |TAMS 0x000000008b900000, 0x000000008b900000| Untracked 
| 118|0x000000008ba00000, 0x000000008ba00000, 0x000000008bb00000|  0%| F|  |TAMS 0x000000008ba00000, 0x000000008ba00000| Untracked 
| 119|0x000000008bb00000, 0x000000008bb00000, 0x000000008bc00000|  0%| F|  |TAMS 0x000000008bb00000, 0x000000008bb00000| Untracked 
| 120|0x000000008bc00000, 0x000000008bc00000, 0x000000008bd00000|  0%| F|  |TAMS 0x000000008bc00000, 0x000000008bc00000| Untracked 
| 121|0x000000008bd00000, 0x000000008bdf7b00, 0x000000008be00000| 96%| E|  |TAMS 0x000000008bd00000, 0x000000008bd00000| Complete 
| 122|0x000000008be00000, 0x000000008bf00000, 0x000000008bf00000|100%| E|CS|TAMS 0x000000008be00000, 0x000000008be00000| Complete 
| 123|0x000000008bf00000, 0x000000008c000000, 0x000000008c000000|100%| E|CS|TAMS 0x000000008bf00000, 0x000000008bf00000| Complete 

Card table byte_map: [0x000001ef47a80000,0x000001ef47e60000] _byte_map_base: 0x000001ef4765e000

Marking Bits (Prev, Next): (CMBitMap*) 0x000001ef30c4d630, (CMBitMap*) 0x000001ef30c4d670
 Prev Bits: [0x000001ef48240000, 0x000001ef4a130000)
 Next Bits: [0x000001ef4a130000, 0x000001ef4c020000)

Polling page: 0x000001ef30360000

Metaspace:

Usage:
  Non-class:    902.66 KB used.
      Class:     78.83 KB used.
       Both:    981.48 KB used.

Virtual space:
  Non-class space:        8.00 MB reserved,     960.00 KB ( 12%) committed,  1 nodes.
      Class space:        1.00 GB reserved,     192.00 KB ( <1%) committed,  1 nodes.
              Both:        1.01 GB reserved,       1.12 MB ( <1%) committed. 

Chunk freelists:
   Non-Class:  3.99 MB
       Class:  3.74 MB
        Both:  7.73 MB

MaxMetaspaceSize: 17179869184.00 GB
CompressedClassSpaceSize: 1.00 GB
 - commit_granule_bytes: 65536.
 - commit_granule_words: 8192.
 - virtual_space_node_default_size: 1048576.
 - enlarge_chunks_in_place: 1.
 - new_chunks_are_fully_committed: 0.
 - uncommit_free_chunks: 1.
 - use_allocation_guard: 0.
 - handle_deallocations: 1.


Internal statistics:

num_allocs_failed_limit: 0.
num_arena_births: 6.
num_arena_deaths: 0.
num_vsnodes_births: 2.
num_vsnodes_deaths: 0.
num_space_committed: 18.
num_space_uncommitted: 0.
num_chunks_returned_to_freelist: 0.
num_chunks_taken_from_freelist: 7.
num_chunk_merges: 0.
num_chunk_splits: 3.
num_chunks_enlarged: 2.
num_purges: 0.

CodeHeap 'non-profiled nmethods': size=120000Kb used=50Kb max_used=50Kb free=119949Kb
 bounds [0x000001ef3fe30000, 0x000001ef400a0000, 0x000001ef47360000]
CodeHeap 'profiled nmethods': size=120000Kb used=183Kb max_used=183Kb free=119816Kb
 bounds [0x000001ef38900000, 0x000001ef38b70000, 0x000001ef3fe30000]
CodeHeap 'non-nmethods': size=5760Kb used=1123Kb max_used=1137Kb free=4636Kb
 bounds [0x000001ef38360000, 0x000001ef385d0000, 0x000001ef38900000]
 total_blobs=553 nmethods=168 adapters=298
 compilation: enabled
              stopped_count=0, restarted_count=0
 full_count=0

Compilation events (20 events):
Event: 0.163 Thread 0x000001ef4ea75eb0  159       3       java.nio.Buffer::limit (65 bytes)
Event: 0.163 Thread 0x000001ef4ea75eb0 nmethod 159 0x000001ef3892be10 code [0x000001ef3892bfc0, 0x000001ef3892c288]
Event: 0.163 Thread 0x000001ef4ea75eb0  158       1       java.net.URL::getHost (5 bytes)
Event: 0.163 Thread 0x000001ef4ea75eb0 nmethod 158 0x000001ef3fe3a690 code [0x000001ef3fe3a820, 0x000001ef3fe3a8f8]
Event: 0.163 Thread 0x000001ef4ea75eb0  161       3       java.lang.StringLatin1::lastIndexOf (40 bytes)
Event: 0.164 Thread 0x000001ef4ea75eb0 nmethod 161 0x000001ef3892c390 code [0x000001ef3892c560, 0x000001ef3892c958]
Event: 0.164 Thread 0x000001ef4ea75eb0  162       3       jdk.internal.ref.CleanerImpl::getCleanerImpl (13 bytes)
Event: 0.164 Thread 0x000001ef4ea75eb0 nmethod 162 0x000001ef3892ca90 code [0x000001ef3892cc40, 0x000001ef3892cf08]
Event: 0.164 Thread 0x000001ef4ea75eb0  163       3       java.lang.ref.Cleaner$1::apply (9 bytes)
Event: 0.164 Thread 0x000001ef4ea75eb0 nmethod 163 0x000001ef3892d010 code [0x000001ef3892d1c0, 0x000001ef3892d438]
Event: 0.164 Thread 0x000001ef4ea75eb0  164       3       java.nio.Buffer::clear (20 bytes)
Event: 0.164 Thread 0x000001ef4ea75eb0 nmethod 164 0x000001ef3892d510 code [0x000001ef3892d6a0, 0x000001ef3892d7b8]
Event: 0.164 Thread 0x000001ef4ea75eb0  165       1       sun.nio.fs.NativeBuffer::address (5 bytes)
Event: 0.164 Thread 0x000001ef4ea75eb0 nmethod 165 0x000001ef3fe3a990 code [0x000001ef3fe3ab20, 0x000001ef3fe3abf8]
Event: 0.164 Thread 0x000001ef4ea75eb0  166       1       java.lang.Integer::intValue (5 bytes)
Event: 0.164 Thread 0x000001ef4ea75eb0 nmethod 166 0x000001ef3fe3ac90 code [0x000001ef3fe3ae20, 0x000001ef3fe3aef8]
Event: 0.164 Thread 0x000001ef4ea75eb0  167       3       java.io.RandomAccessFile::read (8 bytes)
Event: 0.164 Thread 0x000001ef4ea75eb0 nmethod 167 0x000001ef3892d890 code [0x000001ef3892da40, 0x000001ef3892db88]
Event: 0.165 Thread 0x000001ef4ea6a260 nmethod 148 0x000001ef3fe3b390 code [0x000001ef3fe3b540, 0x000001ef3fe3ba68]
Event: 0.165 Thread 0x000001ef4ea6a260  154       4       java.lang.AbstractStringBuilder::append (77 bytes)

GC Heap History (0 events):
No events

Deoptimization events (6 events):
Event: 0.153 Thread 0x000001ef30c0dd80 DEOPT PACKING pc=0x000001ef3891d594 sp=0x00000006cf0fcb30
Event: 0.153 Thread 0x000001ef30c0dd80 DEOPT UNPACKING pc=0x000001ef383ae77e sp=0x00000006cf0fbfe0 mode 0
Event: 0.154 Thread 0x000001ef30c0dd80 DEOPT PACKING pc=0x000001ef3891d594 sp=0x00000006cf0fcb30
Event: 0.154 Thread 0x000001ef30c0dd80 DEOPT UNPACKING pc=0x000001ef383ae77e sp=0x00000006cf0fbfe0 mode 0
Event: 0.155 Thread 0x000001ef30c0dd80 DEOPT PACKING pc=0x000001ef3891d594 sp=0x00000006cf0fcb30
Event: 0.155 Thread 0x000001ef30c0dd80 DEOPT UNPACKING pc=0x000001ef383ae77e sp=0x00000006cf0fbfe0 mode 0

Classes unloaded (0 events):
No events

Classes redefined (0 events):
No events

Internal exceptions (1 events):
Event: 0.131 Thread 0x000001ef30c0dd80 Exception <a 'java/lang/NoSuchMethodError'{0x000000008be24210}: 'void java.lang.invoke.DirectMethodHandle$Holder.invokeSpecial(java.lang.Object, java.lang.Object, java.lang.Object)'> (0x000000008be24210) 
thrown [t:\workspace\open\src\hotspot\share\interpreter\linkResolver.cpp, line 790]

Events (20 events):
Event: 0.128 loading class java/lang/System$Logger$Level done
Event: 0.128 loading class jdk/internal/logger/LazyLoggers
Event: 0.128 loading class jdk/internal/logger/LazyLoggers done
Event: 0.128 loading class jdk/internal/logger/LazyLoggers$1
Event: 0.128 loading class jdk/internal/logger/LazyLoggers$1 done
Event: 0.128 loading class jdk/internal/logger/LazyLoggers$LazyLoggerFactories
Event: 0.128 loading class jdk/internal/logger/LazyLoggers$LazyLoggerFactories done
Event: 0.137 Loaded shared library C:\Program Files\Java\jdk-16.0.2\bin\jimage.dll
Event: 0.142 Loaded shared library C:\Program Files\Java\jdk-16.0.2\bin\net.dll
Event: 0.144 Loaded shared library C:\Program Files\Java\jdk-16.0.2\bin\nio.dll
Event: 0.145 Loaded shared library C:\Program Files\Java\jdk-16.0.2\bin\zip.dll
Event: 0.165 loading class java/io/BufferedReader
Event: 0.165 loading class java/io/Reader
Event: 0.165 loading class java/io/Reader done
Event: 0.165 loading class java/io/BufferedReader done
Event: 0.165 loading class java/io/InputStreamReader
Event: 0.165 loading class java/io/InputStreamReader done
Event: 0.165 loading class sun/nio/cs/StreamDecoder
Event: 0.165 loading class sun/nio/cs/StreamDecoder done
Event: 0.165 loading class java/util/Vector


Dynamic libraries:
0x00007ff63aab0000 - 0x00007ff63aac0000 	C:\Program Files\Java\jdk-16.0.2\bin\javaw.exe
0x00007ffb92070000 - 0x00007ffb92284000 	C:\WINDOWS\SYSTEM32\ntdll.dll
0x00007ffb90f70000 - 0x00007ffb91032000 	C:\WINDOWS\System32\KERNEL32.DLL
0x00007ffb8f7e0000 - 0x00007ffb8fb83000 	C:\WINDOWS\System32\KERNELBASE.dll
0x00007ffb8fd30000 - 0x00007ffb8fe41000 	C:\WINDOWS\System32\ucrtbase.dll
0x00007ffb7c8a0000 - 0x00007ffb7c8b9000 	C:\Program Files\Java\jdk-16.0.2\bin\VCRUNTIME140.dll
0x00007ffb7d800000 - 0x00007ffb7d818000 	C:\Program Files\Java\jdk-16.0.2\bin\jli.dll
0x00007ffb914f0000 - 0x00007ffb9159e000 	C:\WINDOWS\System32\ADVAPI32.dll
0x00007ffb911d0000 - 0x00007ffb91277000 	C:\WINDOWS\System32\msvcrt.dll
0x00007ffb91650000 - 0x00007ffb916f4000 	C:\WINDOWS\System32\sechost.dll
0x00007ffb91740000 - 0x00007ffb91857000 	C:\WINDOWS\System32\RPCRT4.dll
0x00007ffb91340000 - 0x00007ffb914ea000 	C:\WINDOWS\System32\USER32.dll
0x00007ffb8fb90000 - 0x00007ffb8fbb6000 	C:\WINDOWS\System32\win32u.dll
0x00007ffb91ea0000 - 0x00007ffb91ec9000 	C:\WINDOWS\System32\GDI32.dll
0x00007ffb8f560000 - 0x00007ffb8f679000 	C:\WINDOWS\System32\gdi32full.dll
0x00007ffb77450000 - 0x00007ffb776de000 	C:\WINDOWS\WinSxS\amd64_microsoft.windows.common-controls_6595b64144ccf1df_6.0.22621.1635_none_270f70857386168e\COMCTL32.dll
0x00007ffb8f740000 - 0x00007ffb8f7da000 	C:\WINDOWS\System32\msvcp_win.dll
0x00007ffb8ee80000 - 0x00007ffb8ee8a000 	C:\WINDOWS\SYSTEM32\VERSION.dll
0x00007ffb91300000 - 0x00007ffb91331000 	C:\WINDOWS\System32\IMM32.DLL
0x0000000069e60000 - 0x0000000069e6c000 	C:\Program Files (x86)\360\Total Security\safemon\SafeWrapper.dll
0x00007ffb6f590000 - 0x00007ffb6f622000 	C:\Program Files (x86)\360\Total Security\safemon\libzdtp64.dll
0x00007ffb90120000 - 0x00007ffb90919000 	C:\WINDOWS\System32\SHELL32.dll
0x00007ffb918d0000 - 0x00007ffb9192e000 	C:\WINDOWS\System32\SHLWAPI.dll
0x00007ffb7dfe0000 - 0x00007ffb7dfec000 	C:\Program Files\Java\jdk-16.0.2\bin\vcruntime140_1.dll
0x00007ffb6f4f0000 - 0x00007ffb6f581000 	C:\Program Files\Java\jdk-16.0.2\bin\msvcp140.dll
0x00007ffb579e0000 - 0x00007ffb5858b000 	C:\Program Files\Java\jdk-16.0.2\bin\server\jvm.dll
0x00007ffb91730000 - 0x00007ffb91738000 	C:\WINDOWS\System32\PSAPI.DLL
0x00007ffb811e0000 - 0x00007ffb811e9000 	C:\WINDOWS\SYSTEM32\WSOCK32.dll
0x00007ffb91280000 - 0x00007ffb912f1000 	C:\WINDOWS\System32\WS2_32.dll
0x00007ffb8a790000 - 0x00007ffb8a7c4000 	C:\WINDOWS\SYSTEM32\WINMM.dll
0x00007ffb8e440000 - 0x00007ffb8e458000 	C:\WINDOWS\SYSTEM32\kernel.appcore.dll
0x00007ffb7d760000 - 0x00007ffb7d76a000 	C:\Program Files\Java\jdk-16.0.2\bin\jimage.dll
0x00007ffb8cde0000 - 0x00007ffb8d00e000 	C:\WINDOWS\SYSTEM32\DBGHELP.DLL
0x00007ffb90a20000 - 0x00007ffb90da9000 	C:\WINDOWS\System32\combase.dll
0x00007ffb91040000 - 0x00007ffb91117000 	C:\WINDOWS\System32\OLEAUT32.dll
0x00007ffb8a750000 - 0x00007ffb8a782000 	C:\WINDOWS\SYSTEM32\dbgcore.DLL
0x00007ffb8f4e0000 - 0x00007ffb8f55a000 	C:\WINDOWS\System32\bcryptPrimitives.dll
0x00007ffb7b850000 - 0x00007ffb7b875000 	C:\Program Files\Java\jdk-16.0.2\bin\java.dll
0x00007ffb8d280000 - 0x00007ffb8db4e000 	C:\WINDOWS\SYSTEM32\windows.storage.dll
0x00007ffb8db90000 - 0x00007ffb8dcce000 	C:\WINDOWS\SYSTEM32\wintypes.dll
0x00007ffb90920000 - 0x00007ffb90a11000 	C:\WINDOWS\System32\SHCORE.dll
0x00007ffb8f3a0000 - 0x00007ffb8f3c6000 	C:\WINDOWS\SYSTEM32\profapi.dll
0x00007ffb79d00000 - 0x00007ffb79d19000 	C:\Program Files\Java\jdk-16.0.2\bin\net.dll
0x00007ffb8a3a0000 - 0x00007ffb8a4d7000 	C:\WINDOWS\SYSTEM32\WINHTTP.dll
0x00007ffb8e8c0000 - 0x00007ffb8e929000 	C:\WINDOWS\system32\mswsock.dll
0x00007ffb78b00000 - 0x00007ffb78b13000 	C:\Program Files\Java\jdk-16.0.2\bin\nio.dll
0x00007ffb7c880000 - 0x00007ffb7c898000 	C:\Program Files\Java\jdk-16.0.2\bin\zip.dll

dbghelp: loaded successfully - version: 4.0.5 - missing functions: none
symbol engine: initialized successfully - sym options: 0x614 - pdb path: .;C:\Program Files\Java\jdk-16.0.2\bin;C:\WINDOWS\SYSTEM32;C:\WINDOWS\WinSxS\amd64_microsoft.windows.common-controls_6595b64144ccf1df_6.0.22621.1635_none_270f70857386168e;C:\Program Files (x86)\360\Total Security\safemon;C:\Program Files\Java\jdk-16.0.2\bin\server

VM Arguments:
jvm_args: -Dfile.encoding=Cp1252 -XX:+ShowCodeDetailsInExceptionMessages 
java_command: quiz.application.Signin
java_class_path (initial): C:\Users\USER\Downloads\Temp Quiz\Quiz-Application-Using-Java-master\build\classes;C:\Program Files\Apache Software Foundation\Tomcat 9.0\lib\annotations-api.jar;C:\Program Files\Apache Software Foundation\Tomcat 9.0\lib\catalina.jar;C:\Program Files\Apache Software Foundation\Tomcat 9.0\lib\catalina-ant.jar;C:\Program Files\Apache Software Foundation\Tomcat 9.0\lib\catalina-ha.jar;C:\Program Files\Apache Software Foundation\Tomcat 9.0\lib\catalina-ssi.jar;C:\Program Files\Apache Software Foundation\Tomcat 9.0\lib\catalina-storeconfig.jar;C:\Program Files\Apache Software Foundation\Tomcat 9.0\lib\catalina-tribes.jar;C:\Program Files\Apache Software Foundation\Tomcat 9.0\lib\ecj-4.20.jar;C:\Program Files\Apache Software Foundation\Tomcat 9.0\lib\el-api.jar;C:\Program Files\Apache Software Foundation\Tomcat 9.0\lib\jasper.jar;C:\Program Files\Apache Software Foundation\Tomcat 9.0\lib\jasper-el.jar;C:\Program Files\Apache Software Foundation\Tomcat 9.0\lib\jaspic-api.jar;C:\Program Files\Apache Software Foundation\Tomcat 9.0\lib\jsp-api.jar;C:\Program Files\Apache Software Foundation\Tomcat 9.0\lib\servlet-api.jar;C:\Program Files\Apache Software Foundation\Tomcat 9.0\lib\tomcat-api.jar;C:\Program Files\Apache Software Foundation\Tomcat 9.0\lib\tomcat-coyote.jar;C:\Program Files\Apache Software Foundation\Tomcat 9.0\lib\tomcat-dbcp.jar;C:\Program Files\Apache Software Foundation\Tomcat 9.0\lib\tomcat-i18n-cs.jar;C:\Program Files\Apache Software Foundation\Tomcat 9.0\lib\tomcat-i18n-de.jar;C:\Program Files\Apache Software Foundation\Tomcat 9.0\lib\tomcat-i18n-es.jar;C:\Program Files\Apache Software Foundation\Tomcat 9.0\lib\tomcat-i18n-fr.jar;C:\Program Files\Apache Software Foundation\Tomcat 9.0\lib\tomcat-i18n-ja.jar;C:\Program Files\Apache Software Foundation\Tomcat 9.0\lib\tomcat-i18n-ko.jar;C:\Program Files\Apache Software Foundation\Tomcat 9.0\lib\tomcat-i18n-pt-BR.jar;C:\Program Files\Apache Software Foundation\Tomcat 9.0\lib\tomcat-i
Launcher Type: SUN_STANDARD

[Global flags]
     intx CICompilerCount                          = 4                                         {product} {ergonomic}
     uint ConcGCThreads                            = 2                                         {product} {ergonomic}
     uint G1ConcRefinementThreads                  = 8                                         {product} {ergonomic}
   size_t G1HeapRegionSize                         = 1048576                                   {product} {ergonomic}
    uintx GCDrainStackTargetSize                   = 64                                        {product} {ergonomic}
   size_t InitialHeapSize                          = 130023424                                 {product} {ergonomic}
   size_t MarkStackSize                            = 4194304                                   {product} {ergonomic}
   size_t MaxHeapSize                              = 2076180480                                {product} {ergonomic}
   size_t MaxNewSize                               = 1245708288                                {product} {ergonomic}
   size_t MinHeapDeltaBytes                        = 1048576                                   {product} {ergonomic}
   size_t MinHeapSize                              = 8388608                                   {product} {ergonomic}
    uintx NonNMethodCodeHeapSize                   = 5839372                                {pd product} {ergonomic}
    uintx NonProfiledCodeHeapSize                  = 122909434                              {pd product} {ergonomic}
    uintx ProfiledCodeHeapSize                     = 122909434                              {pd product} {ergonomic}
    uintx ReservedCodeCacheSize                    = 251658240                              {pd product} {ergonomic}
     bool SegmentedCodeCache                       = true                                      {product} {ergonomic}
     bool ShowCodeDetailsInExceptionMessages       = true                                   {manageable} {command line}
   size_t SoftMaxHeapSize                          = 2076180480                             {manageable} {ergonomic}
     bool UseCompressedClassPointers               = true                           {product lp64_product} {ergonomic}
     bool UseCompressedOops                        = true                           {product lp64_product} {ergonomic}
     bool UseG1GC                                  = true                                      {product} {ergonomic}
     bool UseLargePagesIndividualAllocation        = false                                  {pd product} {ergonomic}

Logging:
Log output configuration:
 #0: stdout all=warning uptime,level,tags
 #1: stderr all=off uptime,level,tags

Environment Variables:
PATH=C:/Users/USER/Desktop/eclipse-jee-2022-03-R-win32-x86_64/eclipse//plugins/org.eclipse.justj.openjdk.hotspot.jre.full.win32.x86_64_17.0.2.v20220201-1208/jre/bin/server;C:/Users/USER/Desktop/eclipse-jee-2022-03-R-win32-x86_64/eclipse//plugins/org.eclipse.justj.openjdk.hotspot.jre.full.win32.x86_64_17.0.2.v20220201-1208/jre/bin;C:\Program Files\Common Files\Oracle\Java\javapath;C:\Program Files (x86)\Common Files\Oracle\Java\javapath;C:\WINDOWS\system32;C:\WINDOWS;C:\WINDOWS\System32\Wbem;C:\WINDOWS\System32\WindowsPowerShell\v1.0\;C:\WINDOWS\System32\OpenSSH\;C:\Program Files\Java\jdk-16.0.2\bin;C:\Program Files\Git\cmd;C:\Program Files\MongoDB\Server\6.0\bin;C:\Program Files\mongosh-1.8.0-win32-x64\bin;C:\Program Files\nodejs\;C:\Users\USER\AppData\Local\Programs\Python\Python311\Scripts\;C:\Users\USER\AppData\Local\Programs\Python\Python311\;C:\Users\USER\AppData\Local\Programs\Python\Launcher\;C:\Program Files\MySQL\MySQL Shell 8.0\bin\;C:\Users\USER\AppData\Local\Programs\Python\Python39\Scripts\;C:\Users\USER\AppData\Local\Programs\Python\Python39\;C:\Users\USER\Desktop\Scripts\;C:\Users\USER\Desktop\;C:\Users\USER\AppData\Local\Microsoft\WindowsApps;;C:\Program Files (x86)\Brackets\;C:\Users\USER\AppData\Roaming\TinyTeX\bin\win32;C:\Users\USER\AppData\Local\Programs\Microsoft VS Code\bin;C:\Users\USER\AppData\Roaming\npm;C:\Users\USER\Desktop\eclipse-jee-2022-03-R-win32-x86_64\eclipse;
USERNAME=USER
OS=Windows_NT
PROCESSOR_IDENTIFIER=Intel64 Family 6 Model 140 Stepping 1, GenuineIntel



---------------  S Y S T E M  ---------------

OS:
 Windows 10 , 64 bit Build 22621 (10.0.22621.1928)
OS uptime: 3 days 16:15 hours

CPU: total 8 (initial active 8) (4 cores per cpu, 2 threads per core) family 6 model 140 stepping 1 microcode 0xa4, cx8, cmov, fxsr, ht, mmx, 3dnowpref, sse, sse2, sse3, ssse3, sse4.1, sse4.2, popcnt, lzcnt, tsc, tscinvbit, avx, avx2, aes, erms, clmul, bmi1, bmi2, adx, avx512f, avx512dq, avx512cd, avx512bw, avx512vl, sha, fma, vzeroupper, avx512_vpopcntdq, avx512_vpclmulqdq, avx512_vaes, avx512_vnni, clflush, clflushopt, clwb, avx512_vmbi2, avx512_vmbi

Memory: 4k page, system-wide physical 7918M (274M free)
TotalPageFile size 32494M (AvailPageFile size 4M)
current process WorkingSet (physical memory assigned to process): 35M, peak: 35M
current process commit charge ("private bytes"): 208M, peak: 208M

vm_info: Java HotSpot(TM) 64-Bit Server VM (16.0.2+7-67) for windows-amd64 JRE (16.0.2+7-67), built on Jun  8 2021 23:24:19 by "mach5one" with MS VC++ 16.7 (VS2019)

END.
