#
# There is insufficient memory for the Java Runtime Environment to continue.
# Native memory allocation (malloc) failed to allocate 121456 bytes for Chunk::new
# Possible reasons:
#   The system is out of physical RAM or swap space
#   The process is running with CompressedOops enabled, and the Java Heap may be blocking the growth of the native heap
# Possible solutions:
#   Reduce memory load on the system
#   Increase physical memory or swap space
#   Check if swap backing store is full
#   Decrease Java heap size (-Xmx/-Xms)
#   Decrease number of Java threads
#   Decrease Java thread stack sizes (-Xss)
#   Set larger code cache with -XX:ReservedCodeCacheSize=
#   JVM is running with Unscaled Compressed Oops mode in which the Java heap is
#     placed in the first 4GB address space. The Java Heap base address is the
#     maximum limit for the native heap growth. Please use -XX:HeapBaseMinAddress
#     to set the Java Heap base and to place the Java Heap above 4GB virtual address.
# This output file may be truncated or incomplete.
#
#  Out of Memory Error (arena.cpp:195), pid=2532, tid=49176
#
# JRE version: Java(TM) SE Runtime Environment (16.0.2+7) (build 16.0.2+7-67)
# Java VM: Java HotSpot(TM) 64-Bit Server VM (16.0.2+7-67, mixed mode, sharing, tiered, compressed oops, compressed class ptrs, g1 gc, windows-amd64)
# No core dump will be written. Minidumps are not enabled by default on client versions of Windows
#

---------------  S U M M A R Y ------------

Command Line: -Dfile.encoding=Cp1252 -XX:+ShowCodeDetailsInExceptionMessages quiz.application.Signup

Host: 11th Gen Intel(R) Core(TM) i5-1135G7 @ 2.40GHz, 8 cores, 7G,  Windows 10 , 64 bit Build 22621 (10.0.22621.1928)
Time: Wed Jul  5 16:46:39 2023 India Standard Time elapsed time: 0.237846 seconds (0d 0h 0m 0s)

---------------  T H R E A D  ---------------

Current thread (0x0000016739c40b40):  JavaThread "C2 CompilerThread0" daemon [_thread_in_native, id=49176, stack(0x00000046b0c00000,0x00000046b0d00000)]


Current CompileTask:
C2:    237  626       4       java.lang.StringLatin1::replace (198 bytes)

Stack: [0x00000046b0c00000,0x00000046b0d00000]
Native frames: (J=compiled Java code, j=interpreted, Vv=VM code, C=native code)
V  [jvm.dll+0x6681ca]
V  [jvm.dll+0x7c9e69]
V  [jvm.dll+0x7cb61e]
V  [jvm.dll+0x7cbc73]
V  [jvm.dll+0x242c55]
V  [jvm.dll+0xadeba]
V  [jvm.dll+0xae45c]
V  [jvm.dll+0x2a4cdf]
V  [jvm.dll+0x573c29]
V  [jvm.dll+0x21e905]
V  [jvm.dll+0x217c01]
V  [jvm.dll+0x214ffc]
V  [jvm.dll+0x1a1beb]
V  [jvm.dll+0x225158]
V  [jvm.dll+0x22319c]
V  [jvm.dll+0x77fa62]
V  [jvm.dll+0x7795aa]
V  [jvm.dll+0x667066]
C  [ucrtbase.dll+0x29363]
C  [KERNEL32.DLL+0x126ad]
C  [ntdll.dll+0x5aa68]


---------------  P R O C E S S  ---------------

Threads class SMR info:
_java_thread_list=0x000001673ae489b0, length=16, elements={
0x000001671a03d3e0, 0x0000016739c1e450, 0x0000016739c1ee50, 0x0000016739c2f1f0,
0x0000016739c2fbf0, 0x0000016739c305f0, 0x0000016739c30ff0, 0x0000016739c40b40,
0x0000016739c46d60, 0x0000016739c532e0, 0x000001673a921f00, 0x000001673a9240e0,
0x000001673ae1a9c0, 0x000001673ae239c0, 0x000001673ae269a0, 0x000001673ae7e030
}

Java Threads: ( => current thread )
  0x000001671a03d3e0 JavaThread "main" [_thread_in_vm, id=48556, stack(0x00000046aff00000,0x00000046b0000000)]
  0x0000016739c1e450 JavaThread "Reference Handler" daemon [_thread_blocked, id=49708, stack(0x00000046b0600000,0x00000046b0700000)]
  0x0000016739c1ee50 JavaThread "Finalizer" daemon [_thread_blocked, id=49872, stack(0x00000046b0700000,0x00000046b0800000)]
  0x0000016739c2f1f0 JavaThread "Signal Dispatcher" daemon [_thread_blocked, id=48208, stack(0x00000046b0800000,0x00000046b0900000)]
  0x0000016739c2fbf0 JavaThread "Attach Listener" daemon [_thread_blocked, id=39108, stack(0x00000046b0900000,0x00000046b0a00000)]
  0x0000016739c305f0 JavaThread "Service Thread" daemon [_thread_blocked, id=49776, stack(0x00000046b0a00000,0x00000046b0b00000)]
  0x0000016739c30ff0 JavaThread "Monitor Deflation Thread" daemon [_thread_blocked, id=44724, stack(0x00000046b0b00000,0x00000046b0c00000)]
=>0x0000016739c40b40 JavaThread "C2 CompilerThread0" daemon [_thread_in_native, id=49176, stack(0x00000046b0c00000,0x00000046b0d00000)]
  0x0000016739c46d60 JavaThread "C1 CompilerThread0" daemon [_thread_blocked, id=49628, stack(0x00000046b0d00000,0x00000046b0e00000)]
  0x0000016739c532e0 JavaThread "Sweeper thread" daemon [_thread_blocked, id=49572, stack(0x00000046b0e00000,0x00000046b0f00000)]
  0x000001673a921f00 JavaThread "Notification Thread" daemon [_thread_blocked, id=49544, stack(0x00000046b0f00000,0x00000046b1000000)]
  0x000001673a9240e0 JavaThread "Common-Cleaner" daemon [_thread_blocked, id=50720, stack(0x00000046b1100000,0x00000046b1200000)]
  0x000001673ae1a9c0 JavaThread "Java2D Disposer" daemon [_thread_blocked, id=50780, stack(0x00000046b1200000,0x00000046b1300000)]
  0x000001673ae239c0 JavaThread "AWT-Shutdown" [_thread_blocked, id=49372, stack(0x00000046b1300000,0x00000046b1400000)]
  0x000001673ae269a0 JavaThread "AWT-Windows" daemon [_thread_in_native, id=50524, stack(0x00000046b1400000,0x00000046b1500000)]
  0x000001673ae7e030 JavaThread "Image Fetcher 0" daemon [_thread_blocked, id=43364, stack(0x00000046b1500000,0x00000046b1600000)]

Other Threads:
  0x0000016739c13a20 VMThread "VM Thread" [stack: 0x00000046b0500000,0x00000046b0600000] [id=50544]
  0x000001673a923a40 WatcherThread [stack: 0x00000046b1000000,0x00000046b1100000] [id=45716]
  0x000001671a07a8f0 GCTaskThread "GC Thread#0" [stack: 0x00000046b0000000,0x00000046b0100000] [id=49904]
  0x000001671a08d150 ConcurrentGCThread "G1 Main Marker" [stack: 0x00000046b0100000,0x00000046b0200000] [id=45480]
  0x000001671a08dbc0 ConcurrentGCThread "G1 Conc#0" [stack: 0x00000046b0200000,0x00000046b0300000] [id=49900]
  0x000001671a0eec70 ConcurrentGCThread "G1 Refine#0" [stack: 0x00000046b0300000,0x00000046b0400000] [id=50112]
  0x0000016739ab7250 ConcurrentGCThread "G1 Service" [stack: 0x00000046b0400000,0x00000046b0500000] [id=40280]

Threads with active compile tasks:
C2 CompilerThread0      252  626       4       java.lang.StringLatin1::replace (198 bytes)

VM state: not at safepoint (normal execution)

VM Mutex/Monitor currently owned by a thread: None

Heap address: 0x0000000084400000, size: 1980 MB, Compressed Oops mode: 32-bit

CDS archive(s) mapped at: [0x0000000800000000-0x0000000800bb0000-0x0000000800bb0000), size 12255232, SharedBaseAddress: 0x0000000800000000, ArchiveRelocationMode: 0.
Compressed class space mapped at: 0x0000000800c00000-0x0000000840c00000, reserved size: 1073741824
Narrow klass base: 0x0000000800000000, Narrow klass shift: 3, Narrow klass range: 0x100000000

GC Precious Log:
 CPUs: 8 total, 8 available
 Memory: 7918M
 Large Page Support: Disabled
 NUMA Support: Disabled
 Compressed Oops: Enabled (32-bit)
 Heap Region Size: 1M
 Heap Min Capacity: 8M
 Heap Initial Capacity: 124M
 Heap Max Capacity: 1980M
 Pre-touch: Disabled
 Parallel Workers: 8
 Concurrent Workers: 2
 Concurrent Refinement Workers: 8
 Periodic GC: Disabled

Heap:
 garbage-first heap   total 126976K, used 10240K [0x0000000084400000, 0x0000000100000000)
  region size 1024K, 9 young (9216K), 0 survivors (0K)
 Metaspace       used 5013K, committed 5184K, reserved 1056768K
  class space    used 524K, committed 640K, reserved 1048576K

Heap Regions: E=young(eden), S=young(survivor), O=old, HS=humongous(starts), HC=humongous(continues), CS=collection set, F=free, OA=open archive, CA=closed archive, TAMS=top-at-mark-start (previous, next)
|   0|0x0000000084400000, 0x0000000084500000, 0x0000000084500000|100%|HS|  |TAMS 0x0000000084400000, 0x0000000084400000| Complete 
|   1|0x0000000084500000, 0x0000000084600000, 0x0000000084600000|100%|HC|  |TAMS 0x0000000084500000, 0x0000000084500000| Complete 
|   2|0x0000000084600000, 0x0000000084600000, 0x0000000084700000|  0%| F|  |TAMS 0x0000000084600000, 0x0000000084600000| Untracked 
|   3|0x0000000084700000, 0x0000000084700000, 0x0000000084800000|  0%| F|  |TAMS 0x0000000084700000, 0x0000000084700000| Untracked 
|   4|0x0000000084800000, 0x0000000084800000, 0x0000000084900000|  0%| F|  |TAMS 0x0000000084800000, 0x0000000084800000| Untracked 
|   5|0x0000000084900000, 0x0000000084900000, 0x0000000084a00000|  0%| F|  |TAMS 0x0000000084900000, 0x0000000084900000| Untracked 
|   6|0x0000000084a00000, 0x0000000084a00000, 0x0000000084b00000|  0%| F|  |TAMS 0x0000000084a00000, 0x0000000084a00000| Untracked 
|   7|0x0000000084b00000, 0x0000000084b00000, 0x0000000084c00000|  0%| F|  |TAMS 0x0000000084b00000, 0x0000000084b00000| Untracked 
|   8|0x0000000084c00000, 0x0000000084c00000, 0x0000000084d00000|  0%| F|  |TAMS 0x0000000084c00000, 0x0000000084c00000| Untracked 
|   9|0x0000000084d00000, 0x0000000084d00000, 0x0000000084e00000|  0%| F|  |TAMS 0x0000000084d00000, 0x0000000084d00000| Untracked 
|  10|0x0000000084e00000, 0x0000000084e00000, 0x0000000084f00000|  0%| F|  |TAMS 0x0000000084e00000, 0x0000000084e00000| Untracked 
|  11|0x0000000084f00000, 0x0000000084f00000, 0x0000000085000000|  0%| F|  |TAMS 0x0000000084f00000, 0x0000000084f00000| Untracked 
|  12|0x0000000085000000, 0x0000000085000000, 0x0000000085100000|  0%| F|  |TAMS 0x0000000085000000, 0x0000000085000000| Untracked 
|  13|0x0000000085100000, 0x0000000085100000, 0x0000000085200000|  0%| F|  |TAMS 0x0000000085100000, 0x0000000085100000| Untracked 
|  14|0x0000000085200000, 0x0000000085200000, 0x0000000085300000|  0%| F|  |TAMS 0x0000000085200000, 0x0000000085200000| Untracked 
|  15|0x0000000085300000, 0x0000000085300000, 0x0000000085400000|  0%| F|  |TAMS 0x0000000085300000, 0x0000000085300000| Untracked 
|  16|0x0000000085400000, 0x0000000085400000, 0x0000000085500000|  0%| F|  |TAMS 0x0000000085400000, 0x0000000085400000| Untracked 
|  17|0x0000000085500000, 0x0000000085500000, 0x0000000085600000|  0%| F|  |TAMS 0x0000000085500000, 0x0000000085500000| Untracked 
|  18|0x0000000085600000, 0x0000000085600000, 0x0000000085700000|  0%| F|  |TAMS 0x0000000085600000, 0x0000000085600000| Untracked 
|  19|0x0000000085700000, 0x0000000085700000, 0x0000000085800000|  0%| F|  |TAMS 0x0000000085700000, 0x0000000085700000| Untracked 
|  20|0x0000000085800000, 0x0000000085800000, 0x0000000085900000|  0%| F|  |TAMS 0x0000000085800000, 0x0000000085800000| Untracked 
|  21|0x0000000085900000, 0x0000000085900000, 0x0000000085a00000|  0%| F|  |TAMS 0x0000000085900000, 0x0000000085900000| Untracked 
|  22|0x0000000085a00000, 0x0000000085a00000, 0x0000000085b00000|  0%| F|  |TAMS 0x0000000085a00000, 0x0000000085a00000| Untracked 
|  23|0x0000000085b00000, 0x0000000085b00000, 0x0000000085c00000|  0%| F|  |TAMS 0x0000000085b00000, 0x0000000085b00000| Untracked 
|  24|0x0000000085c00000, 0x0000000085c00000, 0x0000000085d00000|  0%| F|  |TAMS 0x0000000085c00000, 0x0000000085c00000| Untracked 
|  25|0x0000000085d00000, 0x0000000085d00000, 0x0000000085e00000|  0%| F|  |TAMS 0x0000000085d00000, 0x0000000085d00000| Untracked 
|  26|0x0000000085e00000, 0x0000000085e00000, 0x0000000085f00000|  0%| F|  |TAMS 0x0000000085e00000, 0x0000000085e00000| Untracked 
|  27|0x0000000085f00000, 0x0000000085f00000, 0x0000000086000000|  0%| F|  |TAMS 0x0000000085f00000, 0x0000000085f00000| Untracked 
|  28|0x0000000086000000, 0x0000000086000000, 0x0000000086100000|  0%| F|  |TAMS 0x0000000086000000, 0x0000000086000000| Untracked 
|  29|0x0000000086100000, 0x0000000086100000, 0x0000000086200000|  0%| F|  |TAMS 0x0000000086100000, 0x0000000086100000| Untracked 
|  30|0x0000000086200000, 0x0000000086200000, 0x0000000086300000|  0%| F|  |TAMS 0x0000000086200000, 0x0000000086200000| Untracked 
|  31|0x0000000086300000, 0x0000000086300000, 0x0000000086400000|  0%| F|  |TAMS 0x0000000086300000, 0x0000000086300000| Untracked 
|  32|0x0000000086400000, 0x0000000086400000, 0x0000000086500000|  0%| F|  |TAMS 0x0000000086400000, 0x0000000086400000| Untracked 
|  33|0x0000000086500000, 0x0000000086500000, 0x0000000086600000|  0%| F|  |TAMS 0x0000000086500000, 0x0000000086500000| Untracked 
|  34|0x0000000086600000, 0x0000000086600000, 0x0000000086700000|  0%| F|  |TAMS 0x0000000086600000, 0x0000000086600000| Untracked 
|  35|0x0000000086700000, 0x0000000086700000, 0x0000000086800000|  0%| F|  |TAMS 0x0000000086700000, 0x0000000086700000| Untracked 
|  36|0x0000000086800000, 0x0000000086800000, 0x0000000086900000|  0%| F|  |TAMS 0x0000000086800000, 0x0000000086800000| Untracked 
|  37|0x0000000086900000, 0x0000000086900000, 0x0000000086a00000|  0%| F|  |TAMS 0x0000000086900000, 0x0000000086900000| Untracked 
|  38|0x0000000086a00000, 0x0000000086a00000, 0x0000000086b00000|  0%| F|  |TAMS 0x0000000086a00000, 0x0000000086a00000| Untracked 
|  39|0x0000000086b00000, 0x0000000086b00000, 0x0000000086c00000|  0%| F|  |TAMS 0x0000000086b00000, 0x0000000086b00000| Untracked 
|  40|0x0000000086c00000, 0x0000000086c00000, 0x0000000086d00000|  0%| F|  |TAMS 0x0000000086c00000, 0x0000000086c00000| Untracked 
|  41|0x0000000086d00000, 0x0000000086d00000, 0x0000000086e00000|  0%| F|  |TAMS 0x0000000086d00000, 0x0000000086d00000| Untracked 
|  42|0x0000000086e00000, 0x0000000086e00000, 0x0000000086f00000|  0%| F|  |TAMS 0x0000000086e00000, 0x0000000086e00000| Untracked 
|  43|0x0000000086f00000, 0x0000000086f00000, 0x0000000087000000|  0%| F|  |TAMS 0x0000000086f00000, 0x0000000086f00000| Untracked 
|  44|0x0000000087000000, 0x0000000087000000, 0x0000000087100000|  0%| F|  |TAMS 0x0000000087000000, 0x0000000087000000| Untracked 
|  45|0x0000000087100000, 0x0000000087100000, 0x0000000087200000|  0%| F|  |TAMS 0x0000000087100000, 0x0000000087100000| Untracked 
|  46|0x0000000087200000, 0x0000000087200000, 0x0000000087300000|  0%| F|  |TAMS 0x0000000087200000, 0x0000000087200000| Untracked 
|  47|0x0000000087300000, 0x0000000087300000, 0x0000000087400000|  0%| F|  |TAMS 0x0000000087300000, 0x0000000087300000| Untracked 
|  48|0x0000000087400000, 0x0000000087400000, 0x0000000087500000|  0%| F|  |TAMS 0x0000000087400000, 0x0000000087400000| Untracked 
|  49|0x0000000087500000, 0x0000000087500000, 0x0000000087600000|  0%| F|  |TAMS 0x0000000087500000, 0x0000000087500000| Untracked 
|  50|0x0000000087600000, 0x0000000087600000, 0x0000000087700000|  0%| F|  |TAMS 0x0000000087600000, 0x0000000087600000| Untracked 
|  51|0x0000000087700000, 0x0000000087700000, 0x0000000087800000|  0%| F|  |TAMS 0x0000000087700000, 0x0000000087700000| Untracked 
|  52|0x0000000087800000, 0x0000000087800000, 0x0000000087900000|  0%| F|  |TAMS 0x0000000087800000, 0x0000000087800000| Untracked 
|  53|0x0000000087900000, 0x0000000087900000, 0x0000000087a00000|  0%| F|  |TAMS 0x0000000087900000, 0x0000000087900000| Untracked 
|  54|0x0000000087a00000, 0x0000000087a00000, 0x0000000087b00000|  0%| F|  |TAMS 0x0000000087a00000, 0x0000000087a00000| Untracked 
|  55|0x0000000087b00000, 0x0000000087b00000, 0x0000000087c00000|  0%| F|  |TAMS 0x0000000087b00000, 0x0000000087b00000| Untracked 
|  56|0x0000000087c00000, 0x0000000087c00000, 0x0000000087d00000|  0%| F|  |TAMS 0x0000000087c00000, 0x0000000087c00000| Untracked 
|  57|0x0000000087d00000, 0x0000000087d00000, 0x0000000087e00000|  0%| F|  |TAMS 0x0000000087d00000, 0x0000000087d00000| Untracked 
|  58|0x0000000087e00000, 0x0000000087e00000, 0x0000000087f00000|  0%| F|  |TAMS 0x0000000087e00000, 0x0000000087e00000| Untracked 
|  59|0x0000000087f00000, 0x0000000087f00000, 0x0000000088000000|  0%| F|  |TAMS 0x0000000087f00000, 0x0000000087f00000| Untracked 
|  60|0x0000000088000000, 0x0000000088000000, 0x0000000088100000|  0%| F|  |TAMS 0x0000000088000000, 0x0000000088000000| Untracked 
|  61|0x0000000088100000, 0x0000000088100000, 0x0000000088200000|  0%| F|  |TAMS 0x0000000088100000, 0x0000000088100000| Untracked 
|  62|0x0000000088200000, 0x0000000088200000, 0x0000000088300000|  0%| F|  |TAMS 0x0000000088200000, 0x0000000088200000| Untracked 
|  63|0x0000000088300000, 0x0000000088300000, 0x0000000088400000|  0%| F|  |TAMS 0x0000000088300000, 0x0000000088300000| Untracked 
|  64|0x0000000088400000, 0x0000000088400000, 0x0000000088500000|  0%| F|  |TAMS 0x0000000088400000, 0x0000000088400000| Untracked 
|  65|0x0000000088500000, 0x0000000088500000, 0x0000000088600000|  0%| F|  |TAMS 0x0000000088500000, 0x0000000088500000| Untracked 
|  66|0x0000000088600000, 0x0000000088600000, 0x0000000088700000|  0%| F|  |TAMS 0x0000000088600000, 0x0000000088600000| Untracked 
|  67|0x0000000088700000, 0x0000000088700000, 0x0000000088800000|  0%| F|  |TAMS 0x0000000088700000, 0x0000000088700000| Untracked 
|  68|0x0000000088800000, 0x0000000088800000, 0x0000000088900000|  0%| F|  |TAMS 0x0000000088800000, 0x0000000088800000| Untracked 
|  69|0x0000000088900000, 0x0000000088900000, 0x0000000088a00000|  0%| F|  |TAMS 0x0000000088900000, 0x0000000088900000| Untracked 
|  70|0x0000000088a00000, 0x0000000088a00000, 0x0000000088b00000|  0%| F|  |TAMS 0x0000000088a00000, 0x0000000088a00000| Untracked 
|  71|0x0000000088b00000, 0x0000000088b00000, 0x0000000088c00000|  0%| F|  |TAMS 0x0000000088b00000, 0x0000000088b00000| Untracked 
|  72|0x0000000088c00000, 0x0000000088c00000, 0x0000000088d00000|  0%| F|  |TAMS 0x0000000088c00000, 0x0000000088c00000| Untracked 
|  73|0x0000000088d00000, 0x0000000088d00000, 0x0000000088e00000|  0%| F|  |TAMS 0x0000000088d00000, 0x0000000088d00000| Untracked 
|  74|0x0000000088e00000, 0x0000000088e00000, 0x0000000088f00000|  0%| F|  |TAMS 0x0000000088e00000, 0x0000000088e00000| Untracked 
|  75|0x0000000088f00000, 0x0000000088f00000, 0x0000000089000000|  0%| F|  |TAMS 0x0000000088f00000, 0x0000000088f00000| Untracked 
|  76|0x0000000089000000, 0x0000000089000000, 0x0000000089100000|  0%| F|  |TAMS 0x0000000089000000, 0x0000000089000000| Untracked 
|  77|0x0000000089100000, 0x0000000089100000, 0x0000000089200000|  0%| F|  |TAMS 0x0000000089100000, 0x0000000089100000| Untracked 
|  78|0x0000000089200000, 0x0000000089200000, 0x0000000089300000|  0%| F|  |TAMS 0x0000000089200000, 0x0000000089200000| Untracked 
|  79|0x0000000089300000, 0x0000000089300000, 0x0000000089400000|  0%| F|  |TAMS 0x0000000089300000, 0x0000000089300000| Untracked 
|  80|0x0000000089400000, 0x0000000089400000, 0x0000000089500000|  0%| F|  |TAMS 0x0000000089400000, 0x0000000089400000| Untracked 
|  81|0x0000000089500000, 0x0000000089500000, 0x0000000089600000|  0%| F|  |TAMS 0x0000000089500000, 0x0000000089500000| Untracked 
|  82|0x0000000089600000, 0x0000000089600000, 0x0000000089700000|  0%| F|  |TAMS 0x0000000089600000, 0x0000000089600000| Untracked 
|  83|0x0000000089700000, 0x0000000089700000, 0x0000000089800000|  0%| F|  |TAMS 0x0000000089700000, 0x0000000089700000| Untracked 
|  84|0x0000000089800000, 0x0000000089800000, 0x0000000089900000|  0%| F|  |TAMS 0x0000000089800000, 0x0000000089800000| Untracked 
|  85|0x0000000089900000, 0x0000000089900000, 0x0000000089a00000|  0%| F|  |TAMS 0x0000000089900000, 0x0000000089900000| Untracked 
|  86|0x0000000089a00000, 0x0000000089a00000, 0x0000000089b00000|  0%| F|  |TAMS 0x0000000089a00000, 0x0000000089a00000| Untracked 
|  87|0x0000000089b00000, 0x0000000089b00000, 0x0000000089c00000|  0%| F|  |TAMS 0x0000000089b00000, 0x0000000089b00000| Untracked 
|  88|0x0000000089c00000, 0x0000000089c00000, 0x0000000089d00000|  0%| F|  |TAMS 0x0000000089c00000, 0x0000000089c00000| Untracked 
|  89|0x0000000089d00000, 0x0000000089d00000, 0x0000000089e00000|  0%| F|  |TAMS 0x0000000089d00000, 0x0000000089d00000| Untracked 
|  90|0x0000000089e00000, 0x0000000089e00000, 0x0000000089f00000|  0%| F|  |TAMS 0x0000000089e00000, 0x0000000089e00000| Untracked 
|  91|0x0000000089f00000, 0x0000000089f00000, 0x000000008a000000|  0%| F|  |TAMS 0x0000000089f00000, 0x0000000089f00000| Untracked 
|  92|0x000000008a000000, 0x000000008a000000, 0x000000008a100000|  0%| F|  |TAMS 0x000000008a000000, 0x000000008a000000| Untracked 
|  93|0x000000008a100000, 0x000000008a100000, 0x000000008a200000|  0%| F|  |TAMS 0x000000008a100000, 0x000000008a100000| Untracked 
|  94|0x000000008a200000, 0x000000008a200000, 0x000000008a300000|  0%| F|  |TAMS 0x000000008a200000, 0x000000008a200000| Untracked 
|  95|0x000000008a300000, 0x000000008a300000, 0x000000008a400000|  0%| F|  |TAMS 0x000000008a300000, 0x000000008a300000| Untracked 
|  96|0x000000008a400000, 0x000000008a400000, 0x000000008a500000|  0%| F|  |TAMS 0x000000008a400000, 0x000000008a400000| Untracked 
|  97|0x000000008a500000, 0x000000008a500000, 0x000000008a600000|  0%| F|  |TAMS 0x000000008a500000, 0x000000008a500000| Untracked 
|  98|0x000000008a600000, 0x000000008a600000, 0x000000008a700000|  0%| F|  |TAMS 0x000000008a600000, 0x000000008a600000| Untracked 
|  99|0x000000008a700000, 0x000000008a700000, 0x000000008a800000|  0%| F|  |TAMS 0x000000008a700000, 0x000000008a700000| Untracked 
| 100|0x000000008a800000, 0x000000008a800000, 0x000000008a900000|  0%| F|  |TAMS 0x000000008a800000, 0x000000008a800000| Untracked 
| 101|0x000000008a900000, 0x000000008a900000, 0x000000008aa00000|  0%| F|  |TAMS 0x000000008a900000, 0x000000008a900000| Untracked 
| 102|0x000000008aa00000, 0x000000008aa00000, 0x000000008ab00000|  0%| F|  |TAMS 0x000000008aa00000, 0x000000008aa00000| Untracked 
| 103|0x000000008ab00000, 0x000000008ab00000, 0x000000008ac00000|  0%| F|  |TAMS 0x000000008ab00000, 0x000000008ab00000| Untracked 
| 104|0x000000008ac00000, 0x000000008ac00000, 0x000000008ad00000|  0%| F|  |TAMS 0x000000008ac00000, 0x000000008ac00000| Untracked 
| 105|0x000000008ad00000, 0x000000008ad00000, 0x000000008ae00000|  0%| F|  |TAMS 0x000000008ad00000, 0x000000008ad00000| Untracked 
| 106|0x000000008ae00000, 0x000000008ae00000, 0x000000008af00000|  0%| F|  |TAMS 0x000000008ae00000, 0x000000008ae00000| Untracked 
| 107|0x000000008af00000, 0x000000008af00000, 0x000000008b000000|  0%| F|  |TAMS 0x000000008af00000, 0x000000008af00000| Untracked 
| 108|0x000000008b000000, 0x000000008b000000, 0x000000008b100000|  0%| F|  |TAMS 0x000000008b000000, 0x000000008b000000| Untracked 
| 109|0x000000008b100000, 0x000000008b100000, 0x000000008b200000|  0%| F|  |TAMS 0x000000008b100000, 0x000000008b100000| Untracked 
| 110|0x000000008b200000, 0x000000008b200000, 0x000000008b300000|  0%| F|  |TAMS 0x000000008b200000, 0x000000008b200000| Untracked 
| 111|0x000000008b300000, 0x000000008b300000, 0x000000008b400000|  0%| F|  |TAMS 0x000000008b300000, 0x000000008b300000| Untracked 
| 112|0x000000008b400000, 0x000000008b400000, 0x000000008b500000|  0%| F|  |TAMS 0x000000008b400000, 0x000000008b400000| Untracked 
| 113|0x000000008b500000, 0x000000008b500000, 0x000000008b600000|  0%| F|  |TAMS 0x000000008b500000, 0x000000008b500000| Untracked 
| 114|0x000000008b600000, 0x000000008b600000, 0x000000008b700000|  0%| F|  |TAMS 0x000000008b600000, 0x000000008b600000| Untracked 
| 115|0x000000008b700000, 0x000000008b800000, 0x000000008b800000|100%| E|  |TAMS 0x000000008b700000, 0x000000008b700000| Complete 
| 116|0x000000008b800000, 0x000000008b900000, 0x000000008b900000|100%| E|CS|TAMS 0x000000008b800000, 0x000000008b800000| Complete 
| 117|0x000000008b900000, 0x000000008ba00000, 0x000000008ba00000|100%| E|CS|TAMS 0x000000008b900000, 0x000000008b900000| Complete 
| 118|0x000000008ba00000, 0x000000008bb00000, 0x000000008bb00000|100%| E|CS|TAMS 0x000000008ba00000, 0x000000008ba00000| Complete 
| 119|0x000000008bb00000, 0x000000008bc00000, 0x000000008bc00000|100%| E|CS|TAMS 0x000000008bb00000, 0x000000008bb00000| Complete 
| 120|0x000000008bc00000, 0x000000008bd00000, 0x000000008bd00000|100%| E|CS|TAMS 0x000000008bc00000, 0x000000008bc00000| Complete 
| 121|0x000000008bd00000, 0x000000008be00000, 0x000000008be00000|100%| E|CS|TAMS 0x000000008bd00000, 0x000000008bd00000| Complete 
| 122|0x000000008be00000, 0x000000008bf00000, 0x000000008bf00000|100%| E|CS|TAMS 0x000000008be00000, 0x000000008be00000| Complete 
| 123|0x000000008bf00000, 0x000000008c000000, 0x000000008c000000|100%| E|CS|TAMS 0x000000008bf00000, 0x000000008bf00000| Complete 

Card table byte_map: [0x0000016732de0000,0x00000167331c0000] _byte_map_base: 0x00000167329be000

Marking Bits (Prev, Next): (CMBitMap*) 0x000001671a07bff0, (CMBitMap*) 0x000001671a07c030
 Prev Bits: [0x00000167335a0000, 0x0000016735490000)
 Next Bits: [0x0000016735490000, 0x0000016737380000)

Polling page: 0x000001671a0f0000

Metaspace:

Usage:
  Non-class:      4.44 MB used.
      Class:    543.25 KB used.
       Both:      4.97 MB used.

Virtual space:
  Non-class space:        8.00 MB reserved,       4.50 MB ( 56%) committed,  1 nodes.
      Class space:        1.00 GB reserved,     640.00 KB ( <1%) committed,  1 nodes.
              Both:        1.01 GB reserved,       5.12 MB ( <1%) committed. 

Chunk freelists:
   Non-Class:  2.89 MB
       Class:  3.25 MB
        Both:  6.14 MB

MaxMetaspaceSize: 17179869184.00 GB
CompressedClassSpaceSize: 1.00 GB
 - commit_granule_bytes: 65536.
 - commit_granule_words: 8192.
 - virtual_space_node_default_size: 1048576.
 - enlarge_chunks_in_place: 1.
 - new_chunks_are_fully_committed: 0.
 - uncommit_free_chunks: 1.
 - use_allocation_guard: 0.
 - handle_deallocations: 1.


Internal statistics:

num_allocs_failed_limit: 0.
num_arena_births: 102.
num_arena_deaths: 0.
num_vsnodes_births: 2.
num_vsnodes_deaths: 0.
num_space_committed: 82.
num_space_uncommitted: 0.
num_chunks_returned_to_freelist: 0.
num_chunks_taken_from_freelist: 119.
num_chunk_merges: 0.
num_chunk_splits: 78.
num_chunks_enlarged: 41.
num_purges: 0.

CodeHeap 'non-profiled nmethods': size=120000Kb used=188Kb max_used=188Kb free=119812Kb
 bounds [0x000001672aa70000, 0x000001672ace0000, 0x0000016731fa0000]
CodeHeap 'profiled nmethods': size=120000Kb used=1065Kb max_used=1065Kb free=118934Kb
 bounds [0x0000016723540000, 0x00000167237b0000, 0x000001672aa70000]
CodeHeap 'non-nmethods': size=5760Kb used=1232Kb max_used=1232Kb free=4527Kb
 bounds [0x0000016722fa0000, 0x0000016723210000, 0x0000016723540000]
 total_blobs=1202 nmethods=674 adapters=441
 compilation: enabled
              stopped_count=0, restarted_count=0
 full_count=0

Compilation events (20 events):
Event: 0.233 Thread 0x0000016739c46d60  615       3       sun.util.locale.LanguageTag::parseExtlangs (114 bytes)
Event: 0.233 Thread 0x0000016739c46d60 nmethod 615 0x000001672362cf90 code [0x000001672362d200, 0x000001672362dcd8]
Event: 0.233 Thread 0x0000016739c46d60  616       3       sun.util.locale.LanguageTag::parseScript (55 bytes)
Event: 0.233 Thread 0x0000016739c46d60 nmethod 616 0x000001672362e010 code [0x000001672362e220, 0x000001672362e838]
Event: 0.233 Thread 0x0000016739c46d60  623       3       java.lang.invoke.MethodTypeForm::canonicalizeAll (63 bytes)
Event: 0.234 Thread 0x0000016739c46d60 nmethod 623 0x000001672362ea90 code [0x000001672362ec80, 0x000001672362f2f8]
Event: 0.234 Thread 0x0000016739c46d60  617       3       sun.util.locale.LanguageTag::parseRegion (55 bytes)
Event: 0.234 Thread 0x0000016739c46d60 nmethod 617 0x000001672362f510 code [0x000001672362f6e0, 0x000001672362fad8]
Event: 0.234 Thread 0x0000016739c46d60  619       3       sun.util.locale.LanguageTag::parseExtensions (208 bytes)
Event: 0.234 Thread 0x0000016739c40b40  626       4       java.lang.StringLatin1::replace (198 bytes)
Event: 0.235 Thread 0x0000016739c46d60 nmethod 619 0x000001672362fc10 code [0x0000016723630000, 0x00000167236318a8]
Event: 0.235 Thread 0x0000016739c46d60  625       3       java.lang.StringBuilder::append (8 bytes)
Event: 0.235 Thread 0x0000016739c46d60 nmethod 625 0x0000016723632110 code [0x00000167236322c0, 0x0000016723632408]
Event: 0.235 Thread 0x0000016739c46d60  620       3       sun.util.locale.LanguageTag::parsePrivateuse (144 bytes)
Event: 0.235 Thread 0x0000016739c46d60 nmethod 620 0x0000016723632490 code [0x0000016723632780, 0x0000016723633748]
Event: 0.235 Thread 0x0000016739c46d60  628       2       java.lang.StringUTF16::getChar (60 bytes)
Event: 0.235 Thread 0x0000016739c46d60 nmethod 628 0x0000016723633c90 code [0x0000016723633e20, 0x0000016723633f78]
Event: 0.236 Thread 0x0000016739c46d60  614       3       sun.util.locale.LanguageTag::isLanguage (29 bytes)
Event: 0.236 Thread 0x0000016739c46d60 nmethod 614 0x0000016723634090 code [0x00000167236342e0, 0x0000016723634c98]
Event: 0.236 Thread 0x0000016739c46d60  629       3       java.lang.AbstractStringBuilder::append (77 bytes)

GC Heap History (0 events):
No events

Deoptimization events (20 events):
Event: 0.088 Thread 0x000001671a03d3e0 DEOPT PACKING pc=0x00000167235614c6 sp=0x00000046afffc5f0
Event: 0.088 Thread 0x000001671a03d3e0 DEOPT UNPACKING pc=0x0000016722fee77e sp=0x00000046afffbb10 mode 0
Event: 0.089 Thread 0x000001671a03d3e0 DEOPT PACKING pc=0x00000167235614c6 sp=0x00000046afffc5f0
Event: 0.089 Thread 0x000001671a03d3e0 DEOPT UNPACKING pc=0x0000016722fee77e sp=0x00000046afffbb10 mode 0
Event: 0.184 Thread 0x000001671a03d3e0 DEOPT PACKING pc=0x0000016723559ee7 sp=0x00000046afffd310
Event: 0.184 Thread 0x000001671a03d3e0 DEOPT UNPACKING pc=0x0000016722fee77e sp=0x00000046afffc730 mode 0
Event: 0.194 Thread 0x000001671a03d3e0 DEOPT PACKING pc=0x0000016723547d51 sp=0x00000046afffd3b0
Event: 0.194 Thread 0x000001671a03d3e0 DEOPT UNPACKING pc=0x0000016722fee77e sp=0x00000046afffc828 mode 0
Event: 0.232 Thread 0x000001673ae7e030 Uncommon trap: trap_request=0xffffff45 fr.pc=0x000001672aa7bb38 relative=0x00000000000003f8
Event: 0.232 Thread 0x000001673ae7e030 Uncommon trap: reason=unstable_if action=reinterpret pc=0x000001672aa7bb38 method=java.lang.StringLatin1.canEncode(I)Z @ 4 c2
Event: 0.232 Thread 0x000001673ae7e030 DEOPT PACKING pc=0x000001672aa7bb38 sp=0x00000046b15fef80
Event: 0.232 Thread 0x000001673ae7e030 DEOPT UNPACKING pc=0x0000016722fef92e sp=0x00000046b15feea8 mode 2
Event: 0.232 Thread 0x000001673ae7e030 Uncommon trap: trap_request=0xffffff45 fr.pc=0x000001672aa7da20 relative=0x00000000000003e0
Event: 0.233 Thread 0x000001673ae7e030 Uncommon trap: reason=unstable_if action=reinterpret pc=0x000001672aa7da20 method=java.lang.AbstractStringBuilder.isLatin1()Z @ 10 c2
Event: 0.233 Thread 0x000001673ae7e030 DEOPT PACKING pc=0x000001672aa7da20 sp=0x00000046b15fefa0
Event: 0.233 Thread 0x000001673ae7e030 DEOPT UNPACKING pc=0x0000016722fef92e sp=0x00000046b15fef20 mode 2
Event: 0.235 Thread 0x000001673ae7e030 Uncommon trap: trap_request=0xffffff45 fr.pc=0x000001672aa9b628 relative=0x0000000000000388
Event: 0.235 Thread 0x000001673ae7e030 Uncommon trap: reason=unstable_if action=reinterpret pc=0x000001672aa9b628 method=java.lang.StringLatin1.newString([BII)Ljava/lang/String; @ 1 c2
Event: 0.235 Thread 0x000001673ae7e030 DEOPT PACKING pc=0x000001672aa9b628 sp=0x00000046b15fec20
Event: 0.235 Thread 0x000001673ae7e030 DEOPT UNPACKING pc=0x0000016722fef92e sp=0x00000046b15fec00 mode 2

Classes unloaded (0 events):
No events

Classes redefined (0 events):
No events

Internal exceptions (11 events):
Event: 0.061 Thread 0x000001671a03d3e0 Exception <a 'java/lang/NoSuchMethodError'{0x000000008be24270}: 'void java.lang.invoke.DirectMethodHandle$Holder.invokeSpecial(java.lang.Object, java.lang.Object, java.lang.Object)'> (0x000000008be24270) 
thrown [t:\workspace\open\src\hotspot\share\interpreter\linkResolver.cpp, line 790]
Event: 0.100 Thread 0x000001671a03d3e0 Exception <a 'java/lang/ClassNotFoundException'{0x000000008bd92700}: sun/awt/resources/spi/awtProvider> (0x000000008bd92700) 
thrown [t:\workspace\open\src\hotspot\share\classfile\systemDictionary.cpp, line 256]
Event: 0.121 Thread 0x000001671a03d3e0 Exception <a 'java/io/FileNotFoundException'{0x000000008bdec1b0}> (0x000000008bdec1b0) 
thrown [t:\workspace\open\src\hotspot\share\prims\jni.cpp, line 579]
Event: 0.125 Thread 0x000001671a03d3e0 Exception <a 'java/io/FileNotFoundException'{0x000000008bc1b508}> (0x000000008bc1b508) 
thrown [t:\workspace\open\src\hotspot\share\prims\jni.cpp, line 579]
Event: 0.126 Thread 0x000001671a03d3e0 Exception <a 'java/lang/NoSuchMethodError'{0x000000008bc1c700}: 'java.lang.Object java.lang.invoke.DirectMethodHandle$Holder.invokeStatic(java.lang.Object)'> (0x000000008bc1c700) 
thrown [t:\workspace\open\src\hotspot\share\interpreter\linkResolver.cpp, line 790]
Event: 0.155 Thread 0x000001671a03d3e0 Exception <a 'java/lang/NoSuchMethodError'{0x000000008bc71a58}: 'java.lang.Object java.lang.invoke.DirectMethodHandle$Holder.invokeStaticInit(java.lang.Object)'> (0x000000008bc71a58) 
thrown [t:\workspace\open\src\hotspot\share\interpreter\linkResolver.cpp, line 790]
Event: 0.185 Thread 0x000001671a03d3e0 Exception <a 'java/lang/NoSuchMethodError'{0x000000008bce2df8}: 'java.lang.Object java.lang.invoke.DirectMethodHandle$Holder.newInvokeSpecial(java.lang.Object, java.lang.Object, java.lang.Object, java.lang.Object, java.lang.Object)'> (0x000000008bce2df8) 
thrown [t:\workspace\open\src\hotspot\share\interpreter\linkResolver.cpp, line 790]
Event: 0.186 Thread 0x000001671a03d3e0 Exception <a 'java/lang/NoSuchMethodError'{0x000000008bb02ee0}: 'java.lang.Object java.lang.invoke.DirectMethodHandle$Holder.invokeStatic(java.lang.Object, int, java.lang.Object, java.lang.Object, java.lang.Object, java.lang.Object)'> (0x000000008bb02ee0) 
thrown [t:\workspace\open\src\hotspot\share\interpreter\linkResolver.cpp, line 790]
Event: 0.188 Thread 0x000001671a03d3e0 Exception <a 'java/lang/NoSuchMethodError'{0x000000008bb28fa8}: 'java.lang.Object java.lang.invoke.DirectMethodHandle$Holder.invokeStatic(java.lang.Object, int, java.lang.Object)'> (0x000000008bb28fa8) 
thrown [t:\workspace\open\src\hotspot\share\interpreter\linkResolver.cpp, line 790]
Event: 0.202 Thread 0x000001671a03d3e0 Exception <a 'java/lang/ClassNotFoundException'{0x000000008ba57428}: com/sun/swing/internal/plaf/metal/resources/spi/metalProvider> (0x000000008ba57428) 
thrown [t:\workspace\open\src\hotspot\share\classfile\systemDictionary.cpp, line 256]
Event: 0.203 Thread 0x000001671a03d3e0 Exception <a 'java/lang/ClassNotFoundException'{0x000000008ba5b700}: com/sun/swing/internal/plaf/basic/resources/spi/basicProvider> (0x000000008ba5b700) 
thrown [t:\workspace\open\src\hotspot\share\classfile\systemDictionary.cpp, line 256]

Events (20 events):
Event: 0.217 loading class java/util/zip/CRC32 done
Event: 0.217 loading class sun/util/calendar/ZoneInfoFile$Checksum done
Event: 0.217 loading class java/util/zip/Checksum$1
Event: 0.217 loading class java/util/zip/Checksum$1 done
Event: 0.218 loading class jdk/internal/module/ModulePatcher$PatchedModuleReader
Event: 0.218 loading class jdk/internal/module/ModulePatcher$PatchedModuleReader done
Event: 0.218 loading class sun/net/www/protocol/jrt/Handler
Event: 0.218 loading class sun/net/www/protocol/jrt/Handler done
Event: 0.232 loading class sun/text/resources/cldr/FormatData_en
Event: 0.232 loading class sun/text/resources/cldr/FormatData_en done
Event: 0.232 loading class sun/text/resources/cldr/FormatData_en_US
Event: 0.232 loading class sun/text/resources/cldr/FormatData_en_US done
Event: 0.234 loading class java/lang/invoke/MethodHandle$1
Event: 0.234 loading class java/lang/invoke/MethodHandle$1 done
Event: 0.236 loading class sun/awt/image/JPEGImageDecoder
Event: 0.236 loading class sun/awt/image/ImageDecoder
Event: 0.236 loading class sun/awt/image/ImageDecoder done
Event: 0.236 loading class sun/awt/image/JPEGImageDecoder done
Event: 0.236 loading class sun/awt/image/JPEGImageDecoder$1
Event: 0.236 loading class sun/awt/image/JPEGImageDecoder$1 done


Dynamic libraries:
0x00007ff63aab0000 - 0x00007ff63aac0000 	C:\Program Files\Java\jdk-16.0.2\bin\javaw.exe
0x00007ffb92070000 - 0x00007ffb92284000 	C:\WINDOWS\SYSTEM32\ntdll.dll
0x00007ffb90f70000 - 0x00007ffb91032000 	C:\WINDOWS\System32\KERNEL32.DLL
0x00007ffb8f7e0000 - 0x00007ffb8fb83000 	C:\WINDOWS\System32\KERNELBASE.dll
0x00007ffb8fd30000 - 0x00007ffb8fe41000 	C:\WINDOWS\System32\ucrtbase.dll
0x00007ffb7c8a0000 - 0x00007ffb7c8b9000 	C:\Program Files\Java\jdk-16.0.2\bin\VCRUNTIME140.dll
0x00007ffb7d800000 - 0x00007ffb7d818000 	C:\Program Files\Java\jdk-16.0.2\bin\jli.dll
0x00007ffb914f0000 - 0x00007ffb9159e000 	C:\WINDOWS\System32\ADVAPI32.dll
0x00007ffb911d0000 - 0x00007ffb91277000 	C:\WINDOWS\System32\msvcrt.dll
0x00007ffb91650000 - 0x00007ffb916f4000 	C:\WINDOWS\System32\sechost.dll
0x00007ffb91740000 - 0x00007ffb91857000 	C:\WINDOWS\System32\RPCRT4.dll
0x00007ffb91340000 - 0x00007ffb914ea000 	C:\WINDOWS\System32\USER32.dll
0x00007ffb8fb90000 - 0x00007ffb8fbb6000 	C:\WINDOWS\System32\win32u.dll
0x00007ffb91ea0000 - 0x00007ffb91ec9000 	C:\WINDOWS\System32\GDI32.dll
0x00007ffb8f560000 - 0x00007ffb8f679000 	C:\WINDOWS\System32\gdi32full.dll
0x00007ffb77450000 - 0x00007ffb776de000 	C:\WINDOWS\WinSxS\amd64_microsoft.windows.common-controls_6595b64144ccf1df_6.0.22621.1635_none_270f70857386168e\COMCTL32.dll
0x00007ffb8f740000 - 0x00007ffb8f7da000 	C:\WINDOWS\System32\msvcp_win.dll
0x00007ffb8ee80000 - 0x00007ffb8ee8a000 	C:\WINDOWS\SYSTEM32\VERSION.dll
0x00007ffb91300000 - 0x00007ffb91331000 	C:\WINDOWS\System32\IMM32.DLL
0x0000000069e60000 - 0x0000000069e6c000 	C:\Program Files (x86)\360\Total Security\safemon\SafeWrapper.dll
0x00007ffb6f590000 - 0x00007ffb6f622000 	C:\Program Files (x86)\360\Total Security\safemon\libzdtp64.dll
0x00007ffb90120000 - 0x00007ffb90919000 	C:\WINDOWS\System32\SHELL32.dll
0x00007ffb918d0000 - 0x00007ffb9192e000 	C:\WINDOWS\System32\SHLWAPI.dll
0x00007ffb7dfe0000 - 0x00007ffb7dfec000 	C:\Program Files\Java\jdk-16.0.2\bin\vcruntime140_1.dll
0x00007ffb6f4f0000 - 0x00007ffb6f581000 	C:\Program Files\Java\jdk-16.0.2\bin\msvcp140.dll
0x00007ffb579e0000 - 0x00007ffb5858b000 	C:\Program Files\Java\jdk-16.0.2\bin\server\jvm.dll
0x00007ffb91730000 - 0x00007ffb91738000 	C:\WINDOWS\System32\PSAPI.DLL
0x00007ffb811e0000 - 0x00007ffb811e9000 	C:\WINDOWS\SYSTEM32\WSOCK32.dll
0x00007ffb8a790000 - 0x00007ffb8a7c4000 	C:\WINDOWS\SYSTEM32\WINMM.dll
0x00007ffb91280000 - 0x00007ffb912f1000 	C:\WINDOWS\System32\WS2_32.dll
0x00007ffb8e440000 - 0x00007ffb8e458000 	C:\WINDOWS\SYSTEM32\kernel.appcore.dll
0x00007ffb7d760000 - 0x00007ffb7d76a000 	C:\Program Files\Java\jdk-16.0.2\bin\jimage.dll
0x00007ffb8cde0000 - 0x00007ffb8d00e000 	C:\WINDOWS\SYSTEM32\DBGHELP.DLL
0x00007ffb90a20000 - 0x00007ffb90da9000 	C:\WINDOWS\System32\combase.dll
0x00007ffb91040000 - 0x00007ffb91117000 	C:\WINDOWS\System32\OLEAUT32.dll
0x00007ffb8a750000 - 0x00007ffb8a782000 	C:\WINDOWS\SYSTEM32\dbgcore.DLL
0x00007ffb8f4e0000 - 0x00007ffb8f55a000 	C:\WINDOWS\System32\bcryptPrimitives.dll
0x00007ffb7b850000 - 0x00007ffb7b875000 	C:\Program Files\Java\jdk-16.0.2\bin\java.dll
0x00007ffb8d280000 - 0x00007ffb8db4e000 	C:\WINDOWS\SYSTEM32\windows.storage.dll
0x00007ffb8db90000 - 0x00007ffb8dcce000 	C:\WINDOWS\SYSTEM32\wintypes.dll
0x00007ffb90920000 - 0x00007ffb90a11000 	C:\WINDOWS\System32\SHCORE.dll
0x00007ffb8f3a0000 - 0x00007ffb8f3c6000 	C:\WINDOWS\SYSTEM32\profapi.dll
0x00007ffb79d00000 - 0x00007ffb79d19000 	C:\Program Files\Java\jdk-16.0.2\bin\net.dll
0x00007ffb8a3a0000 - 0x00007ffb8a4d7000 	C:\WINDOWS\SYSTEM32\WINHTTP.dll
0x00007ffb8e8c0000 - 0x00007ffb8e929000 	C:\WINDOWS\system32\mswsock.dll
0x00007ffb78b00000 - 0x00007ffb78b13000 	C:\Program Files\Java\jdk-16.0.2\bin\nio.dll
0x00007ffb7c880000 - 0x00007ffb7c898000 	C:\Program Files\Java\jdk-16.0.2\bin\zip.dll
0x00007ffb5b2d0000 - 0x00007ffb5b450000 	C:\Program Files\Java\jdk-16.0.2\bin\awt.dll
0x00007ffb8c4d0000 - 0x00007ffb8c567000 	C:\WINDOWS\SYSTEM32\apphelp.dll
0x00007ffb8ca30000 - 0x00007ffb8ca5b000 	C:\WINDOWS\system32\DWMAPI.DLL
0x00007ffb8c620000 - 0x00007ffb8c6cb000 	C:\WINDOWS\system32\uxtheme.dll
0x00007ffb81480000 - 0x00007ffb81580000 	C:\WINDOWS\system32\opengl32.dll
0x00007ffb842d0000 - 0x00007ffb842fd000 	C:\WINDOWS\SYSTEM32\GLU32.dll
0x00007ffb8c700000 - 0x00007ffb8c738000 	C:\WINDOWS\SYSTEM32\dxcore.dll
0x00007ffb8fff0000 - 0x00007ffb90117000 	C:\WINDOWS\System32\MSCTF.dll
0x00007ffb8fe50000 - 0x00007ffb8ffec000 	C:\WINDOWS\System32\ole32.dll
0x00007ffb79350000 - 0x00007ffb7937d000 	C:\Program Files\Java\jdk-16.0.2\bin\javajpeg.dll

dbghelp: loaded successfully - version: 4.0.5 - missing functions: none
symbol engine: initialized successfully - sym options: 0x614 - pdb path: .;C:\Program Files\Java\jdk-16.0.2\bin;C:\WINDOWS\SYSTEM32;C:\WINDOWS\WinSxS\amd64_microsoft.windows.common-controls_6595b64144ccf1df_6.0.22621.1635_none_270f70857386168e;C:\Program Files (x86)\360\Total Security\safemon;C:\Program Files\Java\jdk-16.0.2\bin\server

VM Arguments:
jvm_args: -Dfile.encoding=Cp1252 -XX:+ShowCodeDetailsInExceptionMessages 
java_command: quiz.application.Signup
java_class_path (initial): C:\Users\USER\Downloads\Temp Quiz\Quiz-Application-Using-Java-master\build\classes;C:\Program Files\Apache Software Foundation\Tomcat 9.0\lib\annotations-api.jar;C:\Program Files\Apache Software Foundation\Tomcat 9.0\lib\catalina.jar;C:\Program Files\Apache Software Foundation\Tomcat 9.0\lib\catalina-ant.jar;C:\Program Files\Apache Software Foundation\Tomcat 9.0\lib\catalina-ha.jar;C:\Program Files\Apache Software Foundation\Tomcat 9.0\lib\catalina-ssi.jar;C:\Program Files\Apache Software Foundation\Tomcat 9.0\lib\catalina-storeconfig.jar;C:\Program Files\Apache Software Foundation\Tomcat 9.0\lib\catalina-tribes.jar;C:\Program Files\Apache Software Foundation\Tomcat 9.0\lib\ecj-4.20.jar;C:\Program Files\Apache Software Foundation\Tomcat 9.0\lib\el-api.jar;C:\Program Files\Apache Software Foundation\Tomcat 9.0\lib\jasper.jar;C:\Program Files\Apache Software Foundation\Tomcat 9.0\lib\jasper-el.jar;C:\Program Files\Apache Software Foundation\Tomcat 9.0\lib\jaspic-api.jar;C:\Program Files\Apache Software Foundation\Tomcat 9.0\lib\jsp-api.jar;C:\Program Files\Apache Software Foundation\Tomcat 9.0\lib\servlet-api.jar;C:\Program Files\Apache Software Foundation\Tomcat 9.0\lib\tomcat-api.jar;C:\Program Files\Apache Software Foundation\Tomcat 9.0\lib\tomcat-coyote.jar;C:\Program Files\Apache Software Foundation\Tomcat 9.0\lib\tomcat-dbcp.jar;C:\Program Files\Apache Software Foundation\Tomcat 9.0\lib\tomcat-i18n-cs.jar;C:\Program Files\Apache Software Foundation\Tomcat 9.0\lib\tomcat-i18n-de.jar;C:\Program Files\Apache Software Foundation\Tomcat 9.0\lib\tomcat-i18n-es.jar;C:\Program Files\Apache Software Foundation\Tomcat 9.0\lib\tomcat-i18n-fr.jar;C:\Program Files\Apache Software Foundation\Tomcat 9.0\lib\tomcat-i18n-ja.jar;C:\Program Files\Apache Software Foundation\Tomcat 9.0\lib\tomcat-i18n-ko.jar;C:\Program Files\Apache Software Foundation\Tomcat 9.0\lib\tomcat-i18n-pt-BR.jar;C:\Program Files\Apache Software Foundation\Tomcat 9.0\lib\tomcat-i
Launcher Type: SUN_STANDARD

[Global flags]
     intx CICompilerCount                          = 4                                         {product} {ergonomic}
     uint ConcGCThreads                            = 2                                         {product} {ergonomic}
     uint G1ConcRefinementThreads                  = 8                                         {product} {ergonomic}
   size_t G1HeapRegionSize                         = 1048576                                   {product} {ergonomic}
    uintx GCDrainStackTargetSize                   = 64                                        {product} {ergonomic}
   size_t InitialHeapSize                          = 130023424                                 {product} {ergonomic}
   size_t MarkStackSize                            = 4194304                                   {product} {ergonomic}
   size_t MaxHeapSize                              = 2076180480                                {product} {ergonomic}
   size_t MaxNewSize                               = 1245708288                                {product} {ergonomic}
   size_t MinHeapDeltaBytes                        = 1048576                                   {product} {ergonomic}
   size_t MinHeapSize                              = 8388608                                   {product} {ergonomic}
    uintx NonNMethodCodeHeapSize                   = 5839372                                {pd product} {ergonomic}
    uintx NonProfiledCodeHeapSize                  = 122909434                              {pd product} {ergonomic}
    uintx ProfiledCodeHeapSize                     = 122909434                              {pd product} {ergonomic}
    uintx ReservedCodeCacheSize                    = 251658240                              {pd product} {ergonomic}
     bool SegmentedCodeCache                       = true                                      {product} {ergonomic}
     bool ShowCodeDetailsInExceptionMessages       = true                                   {manageable} {command line}
   size_t SoftMaxHeapSize                          = 2076180480                             {manageable} {ergonomic}
     bool UseCompressedClassPointers               = true                           {product lp64_product} {ergonomic}
     bool UseCompressedOops                        = true                           {product lp64_product} {ergonomic}
     bool UseG1GC                                  = true                                      {product} {ergonomic}
     bool UseLargePagesIndividualAllocation        = false                                  {pd product} {ergonomic}

Logging:
Log output configuration:
 #0: stdout all=warning uptime,level,tags
 #1: stderr all=off uptime,level,tags

Environment Variables:
PATH=C:/Users/USER/Desktop/eclipse-jee-2022-03-R-win32-x86_64/eclipse//plugins/org.eclipse.justj.openjdk.hotspot.jre.full.win32.x86_64_17.0.2.v20220201-1208/jre/bin/server;C:/Users/USER/Desktop/eclipse-jee-2022-03-R-win32-x86_64/eclipse//plugins/org.eclipse.justj.openjdk.hotspot.jre.full.win32.x86_64_17.0.2.v20220201-1208/jre/bin;C:\Program Files\Common Files\Oracle\Java\javapath;C:\Program Files (x86)\Common Files\Oracle\Java\javapath;C:\WINDOWS\system32;C:\WINDOWS;C:\WINDOWS\System32\Wbem;C:\WINDOWS\System32\WindowsPowerShell\v1.0\;C:\WINDOWS\System32\OpenSSH\;C:\Program Files\Java\jdk-16.0.2\bin;C:\Program Files\Git\cmd;C:\Program Files\MongoDB\Server\6.0\bin;C:\Program Files\mongosh-1.8.0-win32-x64\bin;C:\Program Files\nodejs\;C:\Users\USER\AppData\Local\Programs\Python\Python311\Scripts\;C:\Users\USER\AppData\Local\Programs\Python\Python311\;C:\Users\USER\AppData\Local\Programs\Python\Launcher\;C:\Program Files\MySQL\MySQL Shell 8.0\bin\;C:\Users\USER\AppData\Local\Programs\Python\Python39\Scripts\;C:\Users\USER\AppData\Local\Programs\Python\Python39\;C:\Users\USER\Desktop\Scripts\;C:\Users\USER\Desktop\;C:\Users\USER\AppData\Local\Microsoft\WindowsApps;;C:\Program Files (x86)\Brackets\;C:\Users\USER\AppData\Roaming\TinyTeX\bin\win32;C:\Users\USER\AppData\Local\Programs\Microsoft VS Code\bin;C:\Users\USER\AppData\Roaming\npm;C:\Users\USER\Desktop\eclipse-jee-2022-03-R-win32-x86_64\eclipse;
USERNAME=USER
OS=Windows_NT
PROCESSOR_IDENTIFIER=Intel64 Family 6 Model 140 Stepping 1, GenuineIntel



---------------  S Y S T E M  ---------------

OS:
 Windows 10 , 64 bit Build 22621 (10.0.22621.1928)
OS uptime: 3 days 16:15 hours

CPU: total 8 (initial active 8) (4 cores per cpu, 2 threads per core) family 6 model 140 stepping 1 microcode 0xa4, cx8, cmov, fxsr, ht, mmx, 3dnowpref, sse, sse2, sse3, ssse3, sse4.1, sse4.2, popcnt, lzcnt, tsc, tscinvbit, avx, avx2, aes, erms, clmul, bmi1, bmi2, adx, avx512f, avx512dq, avx512cd, avx512bw, avx512vl, sha, fma, vzeroupper, avx512_vpopcntdq, avx512_vpclmulqdq, avx512_vaes, avx512_vnni, clflush, clflushopt, clwb, avx512_vmbi2, avx512_vmbi

Memory: 4k page, system-wide physical 7918M (264M free)
TotalPageFile size 32494M (AvailPageFile size 4M)
current process WorkingSet (physical memory assigned to process): 55M, peak: 55M
current process commit charge ("private bytes"): 216M, peak: 216M

vm_info: Java HotSpot(TM) 64-Bit Server VM (16.0.2+7-67) for windows-amd64 JRE (16.0.2+7-67), built on Jun  8 2021 23:24:19 by "mach5one" with MS VC++ 16.7 (VS2019)

END.
